<?xml version="1.0" encoding="UTF-8"?>
<coverage generated="1767726434451" clover="3.2.0">
  <project timestamp="1767726434452" name="All files">
    <metrics statements="716" coveredstatements="660" conditionals="42" coveredconditionals="16" methods="21" coveredmethods="2" elements="779" coveredelements="678" complexity="0" loc="716" ncloc="716" packages="2" files="2" classes="2"/>
    <package name="db">
      <metrics statements="654" coveredstatements="636" conditionals="4" coveredconditionals="0" methods="14" coveredmethods="0"/>
      <file name="index.ts" path="F:\code\Hapsara\Hapsarafr\db\index.ts">
        <metrics statements="654" coveredstatements="636" conditionals="4" coveredconditionals="0" methods="14" coveredmethods="0"/>
        <line num="8" count="1" type="stmt"/>
        <line num="723" count="1" type="stmt"/>
        <line num="724" count="1" type="stmt"/>
        <line num="729" count="1" type="stmt"/>
        <line num="730" count="1" type="stmt"/>
        <line num="731" count="1" type="stmt"/>
        <line num="732" count="1" type="stmt"/>
        <line num="733" count="1" type="stmt"/>
        <line num="734" count="1" type="stmt"/>
        <line num="735" count="1" type="stmt"/>
        <line num="736" count="1" type="stmt"/>
        <line num="737" count="1" type="stmt"/>
        <line num="738" count="1" type="stmt"/>
        <line num="739" count="1" type="stmt"/>
        <line num="740" count="1" type="stmt"/>
        <line num="741" count="1" type="stmt"/>
        <line num="742" count="1" type="stmt"/>
        <line num="743" count="1" type="stmt"/>
        <line num="744" count="1" type="stmt"/>
        <line num="745" count="1" type="stmt"/>
        <line num="746" count="1" type="stmt"/>
        <line num="747" count="1" type="stmt"/>
        <line num="748" count="1" type="stmt"/>
        <line num="749" count="1" type="stmt"/>
        <line num="750" count="1" type="stmt"/>
        <line num="751" count="1" type="stmt"/>
        <line num="752" count="1" type="stmt"/>
        <line num="753" count="1" type="stmt"/>
        <line num="754" count="1" type="stmt"/>
        <line num="755" count="1" type="stmt"/>
        <line num="756" count="1" type="stmt"/>
        <line num="757" count="1" type="stmt"/>
        <line num="758" count="1" type="stmt"/>
        <line num="759" count="1" type="stmt"/>
        <line num="760" count="1" type="stmt"/>
        <line num="761" count="1" type="stmt"/>
        <line num="762" count="1" type="stmt"/>
        <line num="763" count="1" type="stmt"/>
        <line num="764" count="1" type="stmt"/>
        <line num="765" count="1" type="stmt"/>
        <line num="766" count="1" type="stmt"/>
        <line num="767" count="1" type="stmt"/>
        <line num="769" count="0" type="stmt"/>
        <line num="770" count="1" type="stmt"/>
        <line num="772" count="1" type="stmt"/>
        <line num="776" count="1" type="stmt"/>
        <line num="777" count="1" type="stmt"/>
        <line num="780" count="1" type="stmt"/>
        <line num="781" count="1" type="stmt"/>
        <line num="782" count="1" type="stmt"/>
        <line num="783" count="1" type="stmt"/>
        <line num="784" count="0" type="stmt"/>
        <line num="785" count="1" type="stmt"/>
        <line num="786" count="0" type="stmt"/>
        <line num="787" count="1" type="stmt"/>
        <line num="788" count="0" type="stmt"/>
        <line num="789" count="1" type="stmt"/>
        <line num="790" count="0" type="stmt"/>
        <line num="791" count="1" type="stmt"/>
        <line num="792" count="0" type="stmt"/>
        <line num="793" count="1" type="stmt"/>
        <line num="794" count="1" type="stmt"/>
        <line num="795" count="1" type="stmt"/>
        <line num="796" count="1" type="stmt"/>
        <line num="797" count="1" type="stmt"/>
        <line num="798" count="1" type="stmt"/>
        <line num="802" count="1" type="stmt"/>
        <line num="803" count="1" type="stmt"/>
        <line num="804" count="1" type="stmt"/>
        <line num="805" count="1" type="stmt"/>
        <line num="806" count="1" type="stmt"/>
        <line num="807" count="1" type="stmt"/>
        <line num="808" count="1" type="stmt"/>
        <line num="812" count="1" type="stmt"/>
        <line num="813" count="1" type="stmt"/>
        <line num="814" count="1" type="stmt"/>
        <line num="816" count="0" type="stmt"/>
        <line num="817" count="1" type="stmt"/>
        <line num="818" count="1" type="stmt"/>
        <line num="819" count="1" type="stmt"/>
        <line num="821" count="0" type="stmt"/>
        <line num="822" count="0" type="cond" truecount="0" falsecount="2"/>
        <line num="824" count="0" type="stmt"/>
        <line num="827" count="1" type="stmt"/>
        <line num="831" count="1" type="stmt"/>
        <line num="832" count="1" type="stmt"/>
        <line num="833" count="1" type="stmt"/>
        <line num="834" count="1" type="stmt"/>
        <line num="836" count="0" type="stmt"/>
        <line num="837" count="0" type="cond" truecount="0" falsecount="2"/>
        <line num="839" count="0" type="stmt"/>
        <line num="845" count="1" type="stmt"/>
        <line num="846" count="1" type="stmt"/>
        <line num="847" count="1" type="stmt"/>
        <line num="851" count="1" type="stmt"/>
        <line num="852" count="1" type="stmt"/>
        <line num="853" count="1" type="stmt"/>
        <line num="854" count="1" type="stmt"/>
        <line num="855" count="1" type="stmt"/>
        <line num="859" count="1" type="stmt"/>
        <line num="860" count="1" type="stmt"/>
        <line num="861" count="1" type="stmt"/>
        <line num="862" count="1" type="stmt"/>
        <line num="863" count="1" type="stmt"/>
        <line num="867" count="1" type="stmt"/>
        <line num="868" count="1" type="stmt"/>
        <line num="869" count="1" type="stmt"/>
        <line num="870" count="1" type="stmt"/>
        <line num="871" count="1" type="stmt"/>
        <line num="875" count="1" type="stmt"/>
        <line num="876" count="1" type="stmt"/>
        <line num="877" count="1" type="stmt"/>
        <line num="878" count="1" type="stmt"/>
        <line num="879" count="1" type="stmt"/>
        <line num="880" count="1" type="stmt"/>
        <line num="881" count="1" type="stmt"/>
        <line num="885" count="1" type="stmt"/>
        <line num="886" count="1" type="stmt"/>
        <line num="887" count="1" type="stmt"/>
        <line num="888" count="1" type="stmt"/>
        <line num="889" count="1" type="stmt"/>
        <line num="890" count="1" type="stmt"/>
        <line num="894" count="1" type="stmt"/>
        <line num="895" count="1" type="stmt"/>
        <line num="896" count="1" type="stmt"/>
        <line num="897" count="1" type="stmt"/>
        <line num="898" count="1" type="stmt"/>
        <line num="899" count="1" type="stmt"/>
        <line num="900" count="1" type="stmt"/>
        <line num="901" count="1" type="stmt"/>
        <line num="902" count="1" type="stmt"/>
        <line num="903" count="1" type="stmt"/>
        <line num="907" count="1" type="stmt"/>
        <line num="908" count="1" type="stmt"/>
        <line num="909" count="1" type="stmt"/>
        <line num="910" count="1" type="stmt"/>
        <line num="911" count="1" type="stmt"/>
        <line num="915" count="1" type="stmt"/>
        <line num="916" count="1" type="stmt"/>
        <line num="917" count="1" type="stmt"/>
        <line num="918" count="1" type="stmt"/>
        <line num="919" count="1" type="stmt"/>
        <line num="920" count="1" type="stmt"/>
        <line num="921" count="1" type="stmt"/>
        <line num="922" count="1" type="stmt"/>
        <line num="926" count="1" type="stmt"/>
        <line num="927" count="1" type="stmt"/>
        <line num="928" count="1" type="stmt"/>
        <line num="929" count="1" type="stmt"/>
        <line num="930" count="1" type="stmt"/>
        <line num="931" count="1" type="stmt"/>
        <line num="932" count="1" type="stmt"/>
        <line num="933" count="1" type="stmt"/>
        <line num="934" count="1" type="stmt"/>
        <line num="935" count="1" type="stmt"/>
        <line num="939" count="1" type="stmt"/>
        <line num="940" count="1" type="stmt"/>
        <line num="941" count="1" type="stmt"/>
        <line num="942" count="1" type="stmt"/>
        <line num="946" count="1" type="stmt"/>
        <line num="947" count="1" type="stmt"/>
        <line num="950" count="1" type="stmt"/>
        <line num="951" count="1" type="stmt"/>
        <line num="952" count="1" type="stmt"/>
        <line num="953" count="1" type="stmt"/>
        <line num="954" count="1" type="stmt"/>
        <line num="955" count="1" type="stmt"/>
        <line num="959" count="1" type="stmt"/>
        <line num="960" count="1" type="stmt"/>
        <line num="961" count="1" type="stmt"/>
        <line num="962" count="1" type="stmt"/>
        <line num="963" count="1" type="stmt"/>
        <line num="964" count="1" type="stmt"/>
        <line num="968" count="1" type="stmt"/>
        <line num="969" count="1" type="stmt"/>
        <line num="970" count="1" type="stmt"/>
        <line num="971" count="1" type="stmt"/>
        <line num="972" count="1" type="stmt"/>
        <line num="973" count="1" type="stmt"/>
        <line num="974" count="1" type="stmt"/>
        <line num="975" count="1" type="stmt"/>
        <line num="976" count="1" type="stmt"/>
        <line num="977" count="1" type="stmt"/>
        <line num="981" count="1" type="stmt"/>
        <line num="982" count="1" type="stmt"/>
        <line num="983" count="1" type="stmt"/>
        <line num="984" count="1" type="stmt"/>
        <line num="985" count="1" type="stmt"/>
        <line num="986" count="1" type="stmt"/>
        <line num="987" count="1" type="stmt"/>
        <line num="991" count="1" type="stmt"/>
        <line num="992" count="1" type="stmt"/>
        <line num="993" count="1" type="stmt"/>
        <line num="994" count="1" type="stmt"/>
        <line num="995" count="1" type="stmt"/>
        <line num="996" count="1" type="stmt"/>
        <line num="1000" count="1" type="stmt"/>
        <line num="1001" count="1" type="stmt"/>
        <line num="1002" count="1" type="stmt"/>
        <line num="1003" count="1" type="stmt"/>
        <line num="1004" count="1" type="stmt"/>
        <line num="1005" count="1" type="stmt"/>
        <line num="1009" count="1" type="stmt"/>
        <line num="1010" count="1" type="stmt"/>
        <line num="1011" count="1" type="stmt"/>
        <line num="1012" count="1" type="stmt"/>
        <line num="1013" count="1" type="stmt"/>
        <line num="1014" count="1" type="stmt"/>
        <line num="1015" count="1" type="stmt"/>
        <line num="1016" count="1" type="stmt"/>
        <line num="1018" count="0" type="stmt"/>
        <line num="1023" count="1" type="stmt"/>
        <line num="1024" count="1" type="stmt"/>
        <line num="1025" count="1" type="stmt"/>
        <line num="1026" count="1" type="stmt"/>
        <line num="1027" count="1" type="stmt"/>
        <line num="1028" count="1" type="stmt"/>
        <line num="1029" count="1" type="stmt"/>
        <line num="1030" count="1" type="stmt"/>
        <line num="1031" count="1" type="stmt"/>
        <line num="1032" count="1" type="stmt"/>
        <line num="1033" count="1" type="stmt"/>
        <line num="1034" count="1" type="stmt"/>
        <line num="1035" count="1" type="stmt"/>
        <line num="1036" count="1" type="stmt"/>
        <line num="1037" count="1" type="stmt"/>
        <line num="1038" count="1" type="stmt"/>
        <line num="1042" count="1" type="stmt"/>
        <line num="1043" count="1" type="stmt"/>
        <line num="1044" count="1" type="stmt"/>
        <line num="1045" count="1" type="stmt"/>
        <line num="1046" count="1" type="stmt"/>
        <line num="1047" count="1" type="stmt"/>
        <line num="1048" count="1" type="stmt"/>
        <line num="1049" count="1" type="stmt"/>
        <line num="1050" count="1" type="stmt"/>
        <line num="1054" count="1" type="stmt"/>
        <line num="1055" count="1" type="stmt"/>
        <line num="1058" count="1" type="stmt"/>
        <line num="1059" count="1" type="stmt"/>
        <line num="1060" count="1" type="stmt"/>
        <line num="1061" count="1" type="stmt"/>
        <line num="1062" count="1" type="stmt"/>
        <line num="1063" count="1" type="stmt"/>
        <line num="1064" count="1" type="stmt"/>
        <line num="1065" count="1" type="stmt"/>
        <line num="1066" count="1" type="stmt"/>
        <line num="1070" count="1" type="stmt"/>
        <line num="1071" count="1" type="stmt"/>
        <line num="1072" count="1" type="stmt"/>
        <line num="1073" count="1" type="stmt"/>
        <line num="1077" count="1" type="stmt"/>
        <line num="1078" count="1" type="stmt"/>
        <line num="1079" count="1" type="stmt"/>
        <line num="1080" count="1" type="stmt"/>
        <line num="1081" count="1" type="stmt"/>
        <line num="1082" count="1" type="stmt"/>
        <line num="1083" count="1" type="stmt"/>
        <line num="1084" count="1" type="stmt"/>
        <line num="1088" count="1" type="stmt"/>
        <line num="1089" count="1" type="stmt"/>
        <line num="1090" count="1" type="stmt"/>
        <line num="1091" count="1" type="stmt"/>
        <line num="1092" count="1" type="stmt"/>
        <line num="1093" count="1" type="stmt"/>
        <line num="1094" count="1" type="stmt"/>
        <line num="1095" count="1" type="stmt"/>
        <line num="1096" count="1" type="stmt"/>
        <line num="1100" count="1" type="stmt"/>
        <line num="1101" count="1" type="stmt"/>
        <line num="1102" count="1" type="stmt"/>
        <line num="1103" count="1" type="stmt"/>
        <line num="1104" count="1" type="stmt"/>
        <line num="1105" count="1" type="stmt"/>
        <line num="1106" count="1" type="stmt"/>
        <line num="1107" count="1" type="stmt"/>
        <line num="1111" count="1" type="stmt"/>
        <line num="1112" count="1" type="stmt"/>
        <line num="1113" count="1" type="stmt"/>
        <line num="1114" count="1" type="stmt"/>
        <line num="1115" count="1" type="stmt"/>
        <line num="1116" count="1" type="stmt"/>
        <line num="1120" count="1" type="stmt"/>
        <line num="1121" count="1" type="stmt"/>
        <line num="1122" count="1" type="stmt"/>
        <line num="1123" count="1" type="stmt"/>
        <line num="1124" count="1" type="stmt"/>
        <line num="1125" count="1" type="stmt"/>
        <line num="1129" count="1" type="stmt"/>
        <line num="1130" count="1" type="stmt"/>
        <line num="1131" count="1" type="stmt"/>
        <line num="1132" count="1" type="stmt"/>
        <line num="1133" count="1" type="stmt"/>
        <line num="1134" count="1" type="stmt"/>
        <line num="1135" count="1" type="stmt"/>
        <line num="1136" count="1" type="stmt"/>
        <line num="1140" count="1" type="stmt"/>
        <line num="1141" count="1" type="stmt"/>
        <line num="1142" count="0" type="stmt"/>
        <line num="1143" count="1" type="stmt"/>
        <line num="1144" count="0" type="stmt"/>
        <line num="1145" count="1" type="stmt"/>
        <line num="1146" count="0" type="stmt"/>
        <line num="1147" count="1" type="stmt"/>
        <line num="1148" count="1" type="stmt"/>
        <line num="1149" count="1" type="stmt"/>
        <line num="1153" count="1" type="stmt"/>
        <line num="1154" count="1" type="stmt"/>
        <line num="1155" count="1" type="stmt"/>
        <line num="1156" count="1" type="stmt"/>
        <line num="1157" count="1" type="stmt"/>
        <line num="1158" count="1" type="stmt"/>
        <line num="1159" count="1" type="stmt"/>
        <line num="1163" count="1" type="stmt"/>
        <line num="1164" count="1" type="stmt"/>
        <line num="1165" count="1" type="stmt"/>
        <line num="1166" count="1" type="stmt"/>
        <line num="1167" count="1" type="stmt"/>
        <line num="1168" count="1" type="stmt"/>
        <line num="1169" count="1" type="stmt"/>
        <line num="1173" count="1" type="stmt"/>
        <line num="1174" count="1" type="stmt"/>
        <line num="1175" count="1" type="stmt"/>
        <line num="1176" count="1" type="stmt"/>
        <line num="1177" count="1" type="stmt"/>
        <line num="1178" count="1" type="stmt"/>
        <line num="1179" count="1" type="stmt"/>
        <line num="1180" count="1" type="stmt"/>
        <line num="1181" count="1" type="stmt"/>
        <line num="1182" count="1" type="stmt"/>
        <line num="1183" count="1" type="stmt"/>
        <line num="1184" count="1" type="stmt"/>
        <line num="1185" count="1" type="stmt"/>
        <line num="1186" count="1" type="stmt"/>
        <line num="1190" count="1" type="stmt"/>
        <line num="1191" count="1" type="stmt"/>
        <line num="1192" count="1" type="stmt"/>
        <line num="1193" count="1" type="stmt"/>
        <line num="1194" count="1" type="stmt"/>
        <line num="1195" count="1" type="stmt"/>
        <line num="1196" count="1" type="stmt"/>
        <line num="1197" count="1" type="stmt"/>
        <line num="1198" count="1" type="stmt"/>
        <line num="1199" count="1" type="stmt"/>
        <line num="1200" count="1" type="stmt"/>
        <line num="1204" count="1" type="stmt"/>
        <line num="1205" count="1" type="stmt"/>
        <line num="1206" count="1" type="stmt"/>
        <line num="1207" count="1" type="stmt"/>
        <line num="1208" count="1" type="stmt"/>
        <line num="1209" count="1" type="stmt"/>
        <line num="1210" count="1" type="stmt"/>
        <line num="1214" count="1" type="stmt"/>
        <line num="1215" count="1" type="stmt"/>
        <line num="1216" count="1" type="stmt"/>
        <line num="1217" count="1" type="stmt"/>
        <line num="1218" count="1" type="stmt"/>
        <line num="1219" count="1" type="stmt"/>
        <line num="1220" count="1" type="stmt"/>
        <line num="1224" count="1" type="stmt"/>
        <line num="1225" count="1" type="stmt"/>
        <line num="1226" count="1" type="stmt"/>
        <line num="1227" count="1" type="stmt"/>
        <line num="1231" count="1" type="stmt"/>
        <line num="1232" count="1" type="stmt"/>
        <line num="1233" count="1" type="stmt"/>
        <line num="1234" count="1" type="stmt"/>
        <line num="1235" count="1" type="stmt"/>
        <line num="1236" count="1" type="stmt"/>
        <line num="1237" count="1" type="stmt"/>
        <line num="1238" count="1" type="stmt"/>
        <line num="1239" count="1" type="stmt"/>
        <line num="1243" count="1" type="stmt"/>
        <line num="1244" count="1" type="stmt"/>
        <line num="1245" count="1" type="stmt"/>
        <line num="1246" count="1" type="stmt"/>
        <line num="1247" count="1" type="stmt"/>
        <line num="1251" count="1" type="stmt"/>
        <line num="1252" count="1" type="stmt"/>
        <line num="1253" count="1" type="stmt"/>
        <line num="1254" count="1" type="stmt"/>
        <line num="1255" count="1" type="stmt"/>
        <line num="1256" count="1" type="stmt"/>
        <line num="1257" count="1" type="stmt"/>
        <line num="1258" count="1" type="stmt"/>
        <line num="1259" count="1" type="stmt"/>
        <line num="1260" count="1" type="stmt"/>
        <line num="1261" count="1" type="stmt"/>
        <line num="1262" count="1" type="stmt"/>
        <line num="1263" count="1" type="stmt"/>
        <line num="1267" count="1" type="stmt"/>
        <line num="1268" count="1" type="stmt"/>
        <line num="1269" count="1" type="stmt"/>
        <line num="1270" count="1" type="stmt"/>
        <line num="1271" count="1" type="stmt"/>
        <line num="1272" count="1" type="stmt"/>
        <line num="1273" count="1" type="stmt"/>
        <line num="1277" count="1" type="stmt"/>
        <line num="1278" count="1" type="stmt"/>
        <line num="1279" count="1" type="stmt"/>
        <line num="1280" count="1" type="stmt"/>
        <line num="1281" count="1" type="stmt"/>
        <line num="1282" count="1" type="stmt"/>
        <line num="1286" count="1" type="stmt"/>
        <line num="1287" count="1" type="stmt"/>
        <line num="1288" count="1" type="stmt"/>
        <line num="1289" count="1" type="stmt"/>
        <line num="1293" count="1" type="stmt"/>
        <line num="1294" count="1" type="stmt"/>
        <line num="1295" count="1" type="stmt"/>
        <line num="1296" count="1" type="stmt"/>
        <line num="1297" count="1" type="stmt"/>
        <line num="1298" count="1" type="stmt"/>
        <line num="1299" count="1" type="stmt"/>
        <line num="1300" count="1" type="stmt"/>
        <line num="1304" count="1" type="stmt"/>
        <line num="1305" count="1" type="stmt"/>
        <line num="1306" count="1" type="stmt"/>
        <line num="1307" count="1" type="stmt"/>
        <line num="1308" count="1" type="stmt"/>
        <line num="1309" count="1" type="stmt"/>
        <line num="1310" count="1" type="stmt"/>
        <line num="1311" count="1" type="stmt"/>
        <line num="1315" count="1" type="stmt"/>
        <line num="1316" count="1" type="stmt"/>
        <line num="1317" count="1" type="stmt"/>
        <line num="1318" count="1" type="stmt"/>
        <line num="1319" count="1" type="stmt"/>
        <line num="1320" count="1" type="stmt"/>
        <line num="1321" count="1" type="stmt"/>
        <line num="1322" count="1" type="stmt"/>
        <line num="1323" count="1" type="stmt"/>
        <line num="1327" count="1" type="stmt"/>
        <line num="1328" count="1" type="stmt"/>
        <line num="1329" count="1" type="stmt"/>
        <line num="1330" count="1" type="stmt"/>
        <line num="1331" count="1" type="stmt"/>
        <line num="1332" count="1" type="stmt"/>
        <line num="1333" count="1" type="stmt"/>
        <line num="1334" count="1" type="stmt"/>
        <line num="1335" count="1" type="stmt"/>
        <line num="1339" count="1" type="stmt"/>
        <line num="1340" count="1" type="stmt"/>
        <line num="1341" count="1" type="stmt"/>
        <line num="1342" count="1" type="stmt"/>
        <line num="1343" count="1" type="stmt"/>
        <line num="1344" count="1" type="stmt"/>
        <line num="1345" count="1" type="stmt"/>
        <line num="1346" count="1" type="stmt"/>
        <line num="1347" count="1" type="stmt"/>
        <line num="1348" count="1" type="stmt"/>
        <line num="1349" count="1" type="stmt"/>
        <line num="1353" count="1" type="stmt"/>
        <line num="1354" count="1" type="stmt"/>
        <line num="1357" count="1" type="stmt"/>
        <line num="1358" count="1" type="stmt"/>
        <line num="1359" count="1" type="stmt"/>
        <line num="1360" count="1" type="stmt"/>
        <line num="1361" count="1" type="stmt"/>
        <line num="1362" count="1" type="stmt"/>
        <line num="1363" count="1" type="stmt"/>
        <line num="1367" count="1" type="stmt"/>
        <line num="1368" count="1" type="stmt"/>
        <line num="1369" count="1" type="stmt"/>
        <line num="1370" count="1" type="stmt"/>
        <line num="1371" count="1" type="stmt"/>
        <line num="1372" count="1" type="stmt"/>
        <line num="1373" count="1" type="stmt"/>
        <line num="1377" count="1" type="stmt"/>
        <line num="1378" count="1" type="stmt"/>
        <line num="1379" count="1" type="stmt"/>
        <line num="1380" count="1" type="stmt"/>
        <line num="1381" count="1" type="stmt"/>
        <line num="1382" count="1" type="stmt"/>
        <line num="1383" count="1" type="stmt"/>
        <line num="1384" count="1" type="stmt"/>
        <line num="1385" count="1" type="stmt"/>
        <line num="1389" count="1" type="stmt"/>
        <line num="1390" count="1" type="stmt"/>
        <line num="1391" count="1" type="stmt"/>
        <line num="1392" count="1" type="stmt"/>
        <line num="1393" count="1" type="stmt"/>
        <line num="1394" count="1" type="stmt"/>
        <line num="1398" count="1" type="stmt"/>
        <line num="1399" count="1" type="stmt"/>
        <line num="1400" count="1" type="stmt"/>
        <line num="1401" count="1" type="stmt"/>
        <line num="1402" count="1" type="stmt"/>
        <line num="1403" count="1" type="stmt"/>
        <line num="1404" count="1" type="stmt"/>
        <line num="1405" count="1" type="stmt"/>
        <line num="1406" count="1" type="stmt"/>
        <line num="1407" count="1" type="stmt"/>
        <line num="1408" count="1" type="stmt"/>
        <line num="1409" count="1" type="stmt"/>
        <line num="1410" count="1" type="stmt"/>
        <line num="1411" count="1" type="stmt"/>
        <line num="1412" count="1" type="stmt"/>
        <line num="1413" count="1" type="stmt"/>
        <line num="1414" count="1" type="stmt"/>
        <line num="1418" count="1" type="stmt"/>
        <line num="1419" count="1" type="stmt"/>
        <line num="1420" count="1" type="stmt"/>
        <line num="1421" count="1" type="stmt"/>
        <line num="1422" count="1" type="stmt"/>
        <line num="1423" count="1" type="stmt"/>
        <line num="1427" count="1" type="stmt"/>
        <line num="1428" count="1" type="stmt"/>
        <line num="1429" count="1" type="stmt"/>
        <line num="1430" count="1" type="stmt"/>
        <line num="1431" count="1" type="stmt"/>
        <line num="1432" count="1" type="stmt"/>
        <line num="1433" count="1" type="stmt"/>
        <line num="1434" count="1" type="stmt"/>
        <line num="1435" count="1" type="stmt"/>
        <line num="1436" count="1" type="stmt"/>
        <line num="1437" count="1" type="stmt"/>
        <line num="1438" count="1" type="stmt"/>
        <line num="1439" count="1" type="stmt"/>
        <line num="1440" count="1" type="stmt"/>
        <line num="1441" count="1" type="stmt"/>
        <line num="1442" count="1" type="stmt"/>
        <line num="1446" count="1" type="stmt"/>
        <line num="1447" count="1" type="stmt"/>
        <line num="1448" count="1" type="stmt"/>
        <line num="1449" count="1" type="stmt"/>
        <line num="1450" count="1" type="stmt"/>
        <line num="1451" count="1" type="stmt"/>
        <line num="1452" count="1" type="stmt"/>
        <line num="1453" count="1" type="stmt"/>
        <line num="1454" count="1" type="stmt"/>
        <line num="1455" count="1" type="stmt"/>
        <line num="1456" count="1" type="stmt"/>
        <line num="1460" count="1" type="stmt"/>
        <line num="1461" count="1" type="stmt"/>
        <line num="1462" count="1" type="stmt"/>
        <line num="1463" count="1" type="stmt"/>
        <line num="1464" count="1" type="stmt"/>
        <line num="1465" count="1" type="stmt"/>
        <line num="1466" count="1" type="stmt"/>
        <line num="1467" count="1" type="stmt"/>
        <line num="1468" count="1" type="stmt"/>
        <line num="1472" count="1" type="stmt"/>
        <line num="1473" count="1" type="stmt"/>
        <line num="1474" count="1" type="stmt"/>
        <line num="1478" count="1" type="stmt"/>
        <line num="1479" count="1" type="stmt"/>
        <line num="1480" count="1" type="stmt"/>
        <line num="1481" count="1" type="stmt"/>
        <line num="1482" count="1" type="stmt"/>
        <line num="1483" count="1" type="stmt"/>
        <line num="1484" count="1" type="stmt"/>
        <line num="1485" count="1" type="stmt"/>
        <line num="1489" count="1" type="stmt"/>
        <line num="1490" count="1" type="stmt"/>
        <line num="1491" count="1" type="stmt"/>
        <line num="1492" count="1" type="stmt"/>
        <line num="1496" count="1" type="stmt"/>
        <line num="1497" count="1" type="stmt"/>
        <line num="1498" count="1" type="stmt"/>
        <line num="1499" count="1" type="stmt"/>
        <line num="1500" count="1" type="stmt"/>
        <line num="1504" count="1" type="stmt"/>
        <line num="1505" count="1" type="stmt"/>
        <line num="1506" count="1" type="stmt"/>
        <line num="1507" count="1" type="stmt"/>
        <line num="1508" count="1" type="stmt"/>
        <line num="1512" count="1" type="stmt"/>
        <line num="1513" count="1" type="stmt"/>
        <line num="1514" count="1" type="stmt"/>
        <line num="1515" count="1" type="stmt"/>
        <line num="1516" count="1" type="stmt"/>
        <line num="1517" count="1" type="stmt"/>
        <line num="1518" count="1" type="stmt"/>
        <line num="1519" count="1" type="stmt"/>
        <line num="1523" count="1" type="stmt"/>
        <line num="1524" count="1" type="stmt"/>
        <line num="1525" count="1" type="stmt"/>
        <line num="1526" count="1" type="stmt"/>
        <line num="1527" count="1" type="stmt"/>
        <line num="1528" count="1" type="stmt"/>
        <line num="1529" count="1" type="stmt"/>
        <line num="1533" count="1" type="stmt"/>
        <line num="1534" count="1" type="stmt"/>
        <line num="1535" count="1" type="stmt"/>
        <line num="1536" count="1" type="stmt"/>
        <line num="1537" count="1" type="stmt"/>
        <line num="1538" count="1" type="stmt"/>
        <line num="1539" count="1" type="stmt"/>
        <line num="1540" count="1" type="stmt"/>
        <line num="1541" count="1" type="stmt"/>
        <line num="1542" count="1" type="stmt"/>
        <line num="1546" count="1" type="stmt"/>
        <line num="1547" count="1" type="stmt"/>
        <line num="1548" count="1" type="stmt"/>
        <line num="1549" count="1" type="stmt"/>
        <line num="1550" count="1" type="stmt"/>
        <line num="1551" count="1" type="stmt"/>
        <line num="1552" count="1" type="stmt"/>
        <line num="1553" count="1" type="stmt"/>
        <line num="1554" count="1" type="stmt"/>
        <line num="1555" count="1" type="stmt"/>
        <line num="1556" count="1" type="stmt"/>
        <line num="1560" count="1" type="stmt"/>
        <line num="1561" count="1" type="stmt"/>
        <line num="1562" count="1" type="stmt"/>
        <line num="1563" count="1" type="stmt"/>
        <line num="1564" count="1" type="stmt"/>
        <line num="1565" count="1" type="stmt"/>
        <line num="1566" count="1" type="stmt"/>
        <line num="1567" count="1" type="stmt"/>
        <line num="1568" count="1" type="stmt"/>
        <line num="1572" count="1" type="stmt"/>
        <line num="1573" count="1" type="stmt"/>
        <line num="1574" count="1" type="stmt"/>
        <line num="1575" count="1" type="stmt"/>
        <line num="1579" count="1" type="stmt"/>
        <line num="1580" count="1" type="stmt"/>
        <line num="1581" count="1" type="stmt"/>
        <line num="1582" count="1" type="stmt"/>
        <line num="1586" count="1" type="stmt"/>
        <line num="1587" count="1" type="stmt"/>
        <line num="1588" count="1" type="stmt"/>
        <line num="1589" count="1" type="stmt"/>
        <line num="1590" count="1" type="stmt"/>
        <line num="1591" count="1" type="stmt"/>
        <line num="1592" count="1" type="stmt"/>
        <line num="1596" count="1" type="stmt"/>
        <line num="1597" count="1" type="stmt"/>
        <line num="1598" count="1" type="stmt"/>
        <line num="1599" count="1" type="stmt"/>
        <line num="1600" count="1" type="stmt"/>
        <line num="1604" count="1" type="stmt"/>
        <line num="1605" count="1" type="stmt"/>
        <line num="1606" count="1" type="stmt"/>
        <line num="1607" count="1" type="stmt"/>
        <line num="1608" count="1" type="stmt"/>
        <line num="1609" count="1" type="stmt"/>
        <line num="1610" count="1" type="stmt"/>
        <line num="1614" count="1" type="stmt"/>
        <line num="1615" count="1" type="stmt"/>
        <line num="1616" count="1" type="stmt"/>
        <line num="1617" count="1" type="stmt"/>
        <line num="1618" count="1" type="stmt"/>
        <line num="1619" count="1" type="stmt"/>
        <line num="1620" count="1" type="stmt"/>
        <line num="1621" count="1" type="stmt"/>
        <line num="1625" count="1" type="stmt"/>
        <line num="1626" count="1" type="stmt"/>
        <line num="1627" count="1" type="stmt"/>
        <line num="1628" count="1" type="stmt"/>
        <line num="1629" count="1" type="stmt"/>
        <line num="1632" count="1" type="stmt"/>
        <line num="1638" count="0" type="stmt"/>
      </file>
    </package>
    <package name="lib">
      <metrics statements="62" coveredstatements="24" conditionals="38" coveredconditionals="16" methods="7" coveredmethods="2"/>
      <file name="sync.ts" path="F:\code\Hapsara\Hapsarafr\lib\sync.ts">
        <metrics statements="62" coveredstatements="24" conditionals="38" coveredconditionals="16" methods="7" coveredmethods="2"/>
        <line num="12" count="1" type="stmt"/>
        <line num="105" count="1" type="stmt"/>
        <line num="106" count="0" type="stmt"/>
        <line num="107" count="0" type="stmt"/>
        <line num="108" count="0" type="stmt"/>
        <line num="110" count="0" type="stmt"/>
        <line num="113" count="1" type="stmt"/>
        <line num="114" count="1" type="stmt"/>
        <line num="116" count="1" type="cond" truecount="1" falsecount="1"/>
        <line num="117" count="0" type="stmt"/>
        <line num="118" count="0" type="stmt"/>
        <line num="121" count="1" type="stmt"/>
        <line num="122" count="1" type="stmt"/>
        <line num="125" count="0" type="stmt"/>
        <line num="127" count="0" type="stmt"/>
        <line num="128" count="0" type="stmt"/>
        <line num="131" count="0" type="stmt"/>
        <line num="133" count="0" type="stmt"/>
        <line num="134" count="0" type="stmt"/>
        <line num="135" count="0" type="stmt"/>
        <line num="136" count="0" type="cond" truecount="0" falsecount="2"/>
        <line num="139" count="0" type="stmt"/>
        <line num="144" count="0" type="cond" truecount="0" falsecount="2"/>
        <line num="145" count="0" type="stmt"/>
        <line num="146" count="0" type="stmt"/>
        <line num="147" count="0" type="stmt"/>
        <line num="150" count="0" type="cond" truecount="0" falsecount="2"/>
        <line num="152" count="0" type="stmt"/>
        <line num="158" count="0" type="stmt"/>
        <line num="159" count="0" type="stmt"/>
        <line num="164" count="0" type="stmt"/>
        <line num="167" count="1" type="stmt"/>
        <line num="169" count="1" type="stmt"/>
        <line num="170" count="88" type="stmt"/>
        <line num="171" count="88" type="cond" truecount="2" falsecount="0"/>
        <line num="173" count="1" type="cond" truecount="1" falsecount="1"/>
        <line num="174" count="0" type="stmt"/>
        <line num="175" count="0" type="stmt"/>
        <line num="176" count="0" type="stmt"/>
        <line num="178" count="0" type="stmt"/>
        <line num="179" count="0" type="cond" truecount="0" falsecount="2"/>
        <line num="182" count="1" type="cond" truecount="1" falsecount="1"/>
        <line num="183" count="1" type="stmt"/>
        <line num="184" count="1" type="stmt"/>
        <line num="189" count="1" type="cond" truecount="2" falsecount="2"/>
        <line num="190" count="0" type="stmt"/>
        <line num="191" count="0" type="stmt"/>
        <line num="194" count="1" type="cond" truecount="3" falsecount="1"/>
        <line num="195" count="1" type="cond" truecount="1" falsecount="1"/>
        <line num="197" count="1" type="cond" truecount="1" falsecount="1"/>
        <line num="199" count="1" type="stmt"/>
        <line num="200" count="1" type="stmt"/>
        <line num="201" count="1" type="stmt"/>
        <line num="211" count="0" type="stmt"/>
        <line num="212" count="0" type="stmt"/>
        <line num="213" count="0" type="cond" truecount="0" falsecount="2"/>
        <line num="218" count="1" type="cond" truecount="1" falsecount="1"/>
        <line num="219" count="0" type="stmt"/>
        <line num="220" count="0" type="stmt"/>
        <line num="221" count="0" type="cond" truecount="0" falsecount="2"/>
        <line num="227" count="1" type="stmt"/>
        <line num="229" count="0" type="stmt"/>
      </file>
    </package>
  </project>
</coverage>
