{"F:\\code\\Hapsara\\Hapsarafr\\db\\index.ts": {"path":"F:\\code\\Hapsara\\Hapsarafr\\db\\index.ts","statementMap":{"0":{"start":{"line":8,"column":13},"end":{"line":720,"column":null}},"1":{"start":{"line":723,"column":17},"end":{"line":723,"column":null}},"2":{"start":{"line":724,"column":24},"end":{"line":727,"column":null}},"3":{"start":{"line":769,"column":17},"end":{"line":769,"column":36}},"4":{"start":{"line":729,"column":21},"end":{"line":729,"column":null}},"5":{"start":{"line":730,"column":31},"end":{"line":730,"column":null}},"6":{"start":{"line":731,"column":26},"end":{"line":731,"column":null}},"7":{"start":{"line":732,"column":25},"end":{"line":732,"column":null}},"8":{"start":{"line":733,"column":18},"end":{"line":733,"column":null}},"9":{"start":{"line":734,"column":19},"end":{"line":734,"column":null}},"10":{"start":{"line":735,"column":20},"end":{"line":735,"column":null}},"11":{"start":{"line":736,"column":18},"end":{"line":736,"column":null}},"12":{"start":{"line":737,"column":19},"end":{"line":737,"column":null}},"13":{"start":{"line":738,"column":17},"end":{"line":738,"column":null}},"14":{"start":{"line":739,"column":31},"end":{"line":739,"column":null}},"15":{"start":{"line":740,"column":21},"end":{"line":740,"column":null}},"16":{"start":{"line":741,"column":29},"end":{"line":741,"column":null}},"17":{"start":{"line":742,"column":28},"end":{"line":742,"column":null}},"18":{"start":{"line":743,"column":27},"end":{"line":743,"column":null}},"19":{"start":{"line":744,"column":29},"end":{"line":744,"column":null}},"20":{"start":{"line":745,"column":32},"end":{"line":745,"column":null}},"21":{"start":{"line":746,"column":22},"end":{"line":746,"column":null}},"22":{"start":{"line":747,"column":27},"end":{"line":747,"column":null}},"23":{"start":{"line":748,"column":18},"end":{"line":748,"column":null}},"24":{"start":{"line":749,"column":29},"end":{"line":749,"column":null}},"25":{"start":{"line":750,"column":21},"end":{"line":750,"column":null}},"26":{"start":{"line":751,"column":22},"end":{"line":751,"column":null}},"27":{"start":{"line":752,"column":30},"end":{"line":752,"column":null}},"28":{"start":{"line":753,"column":25},"end":{"line":753,"column":null}},"29":{"start":{"line":754,"column":23},"end":{"line":754,"column":null}},"30":{"start":{"line":755,"column":28},"end":{"line":755,"column":null}},"31":{"start":{"line":756,"column":25},"end":{"line":756,"column":null}},"32":{"start":{"line":757,"column":23},"end":{"line":757,"column":null}},"33":{"start":{"line":758,"column":29},"end":{"line":758,"column":null}},"34":{"start":{"line":759,"column":22},"end":{"line":759,"column":null}},"35":{"start":{"line":760,"column":22},"end":{"line":760,"column":null}},"36":{"start":{"line":761,"column":22},"end":{"line":761,"column":null}},"37":{"start":{"line":762,"column":21},"end":{"line":762,"column":null}},"38":{"start":{"line":763,"column":24},"end":{"line":763,"column":null}},"39":{"start":{"line":764,"column":24},"end":{"line":764,"column":null}},"40":{"start":{"line":765,"column":29},"end":{"line":765,"column":null}},"41":{"start":{"line":766,"column":18},"end":{"line":766,"column":null}},"42":{"start":{"line":767,"column":18},"end":{"line":767,"column":null}},"43":{"start":{"line":770,"column":24},"end":{"line":770,"column":null}},"44":{"start":{"line":772,"column":26},"end":{"line":772,"column":null}},"45":{"start":{"line":776,"column":17},"end":{"line":776,"column":null}},"46":{"start":{"line":777,"column":24},"end":{"line":779,"column":null}},"47":{"start":{"line":784,"column":20},"end":{"line":784,"column":42}},"48":{"start":{"line":786,"column":27},"end":{"line":786,"column":55}},"49":{"start":{"line":788,"column":31},"end":{"line":788,"column":63}},"50":{"start":{"line":790,"column":26},"end":{"line":790,"column":54}},"51":{"start":{"line":792,"column":21},"end":{"line":792,"column":44}},"52":{"start":{"line":780,"column":16},"end":{"line":780,"column":null}},"53":{"start":{"line":781,"column":21},"end":{"line":781,"column":null}},"54":{"start":{"line":782,"column":20},"end":{"line":782,"column":null}},"55":{"start":{"line":783,"column":21},"end":{"line":783,"column":null}},"56":{"start":{"line":785,"column":29},"end":{"line":785,"column":null}},"57":{"start":{"line":787,"column":32},"end":{"line":787,"column":null}},"58":{"start":{"line":789,"column":27},"end":{"line":789,"column":null}},"59":{"start":{"line":791,"column":22},"end":{"line":791,"column":null}},"60":{"start":{"line":793,"column":19},"end":{"line":793,"column":null}},"61":{"start":{"line":794,"column":26},"end":{"line":794,"column":null}},"62":{"start":{"line":795,"column":21},"end":{"line":795,"column":null}},"63":{"start":{"line":796,"column":22},"end":{"line":796,"column":null}},"64":{"start":{"line":797,"column":22},"end":{"line":797,"column":null}},"65":{"start":{"line":798,"column":36},"end":{"line":798,"column":null}},"66":{"start":{"line":802,"column":17},"end":{"line":802,"column":null}},"67":{"start":{"line":803,"column":16},"end":{"line":803,"column":null}},"68":{"start":{"line":804,"column":17},"end":{"line":804,"column":null}},"69":{"start":{"line":805,"column":18},"end":{"line":805,"column":null}},"70":{"start":{"line":806,"column":20},"end":{"line":806,"column":null}},"71":{"start":{"line":807,"column":21},"end":{"line":807,"column":null}},"72":{"start":{"line":808,"column":24},"end":{"line":808,"column":null}},"73":{"start":{"line":812,"column":17},"end":{"line":812,"column":null}},"74":{"start":{"line":816,"column":25},"end":{"line":816,"column":52}},"75":{"start":{"line":821,"column":6},"end":{"line":825,"column":null}},"76":{"start":{"line":822,"column":10},"end":{"line":822,"column":null}},"77":{"start":{"line":824,"column":10},"end":{"line":824,"column":null}},"78":{"start":{"line":813,"column":16},"end":{"line":813,"column":null}},"79":{"start":{"line":814,"column":27},"end":{"line":814,"column":null}},"80":{"start":{"line":817,"column":31},"end":{"line":817,"column":null}},"81":{"start":{"line":818,"column":22},"end":{"line":818,"column":null}},"82":{"start":{"line":819,"column":25},"end":{"line":819,"column":null}},"83":{"start":{"line":827,"column":16},"end":{"line":827,"column":null}},"84":{"start":{"line":831,"column":17},"end":{"line":831,"column":null}},"85":{"start":{"line":836,"column":6},"end":{"line":840,"column":null}},"86":{"start":{"line":837,"column":10},"end":{"line":837,"column":null}},"87":{"start":{"line":839,"column":10},"end":{"line":839,"column":null}},"88":{"start":{"line":832,"column":16},"end":{"line":832,"column":null}},"89":{"start":{"line":833,"column":27},"end":{"line":833,"column":null}},"90":{"start":{"line":834,"column":21},"end":{"line":834,"column":null}},"91":{"start":{"line":845,"column":19},"end":{"line":845,"column":null}},"92":{"start":{"line":846,"column":18},"end":{"line":846,"column":null}},"93":{"start":{"line":847,"column":18},"end":{"line":847,"column":null}},"94":{"start":{"line":851,"column":19},"end":{"line":851,"column":null}},"95":{"start":{"line":852,"column":18},"end":{"line":852,"column":null}},"96":{"start":{"line":853,"column":18},"end":{"line":853,"column":null}},"97":{"start":{"line":854,"column":25},"end":{"line":854,"column":null}},"98":{"start":{"line":855,"column":42},"end":{"line":855,"column":null}},"99":{"start":{"line":859,"column":19},"end":{"line":859,"column":null}},"100":{"start":{"line":860,"column":18},"end":{"line":860,"column":null}},"101":{"start":{"line":861,"column":18},"end":{"line":861,"column":null}},"102":{"start":{"line":862,"column":23},"end":{"line":862,"column":null}},"103":{"start":{"line":863,"column":38},"end":{"line":863,"column":null}},"104":{"start":{"line":867,"column":19},"end":{"line":867,"column":null}},"105":{"start":{"line":868,"column":23},"end":{"line":868,"column":null}},"106":{"start":{"line":869,"column":34},"end":{"line":869,"column":null}},"107":{"start":{"line":870,"column":33},"end":{"line":870,"column":null}},"108":{"start":{"line":871,"column":26},"end":{"line":871,"column":null}},"109":{"start":{"line":875,"column":19},"end":{"line":875,"column":null}},"110":{"start":{"line":876,"column":23},"end":{"line":876,"column":null}},"111":{"start":{"line":877,"column":23},"end":{"line":877,"column":null}},"112":{"start":{"line":878,"column":30},"end":{"line":878,"column":null}},"113":{"start":{"line":879,"column":21},"end":{"line":879,"column":null}},"114":{"start":{"line":880,"column":30},"end":{"line":880,"column":null}},"115":{"start":{"line":881,"column":24},"end":{"line":881,"column":null}},"116":{"start":{"line":885,"column":19},"end":{"line":885,"column":null}},"117":{"start":{"line":886,"column":23},"end":{"line":886,"column":null}},"118":{"start":{"line":887,"column":26},"end":{"line":887,"column":null}},"119":{"start":{"line":888,"column":26},"end":{"line":888,"column":null}},"120":{"start":{"line":889,"column":27},"end":{"line":889,"column":null}},"121":{"start":{"line":890,"column":24},"end":{"line":890,"column":null}},"122":{"start":{"line":894,"column":19},"end":{"line":894,"column":null}},"123":{"start":{"line":895,"column":23},"end":{"line":895,"column":null}},"124":{"start":{"line":896,"column":23},"end":{"line":896,"column":null}},"125":{"start":{"line":897,"column":24},"end":{"line":897,"column":null}},"126":{"start":{"line":898,"column":20},"end":{"line":898,"column":null}},"127":{"start":{"line":899,"column":27},"end":{"line":899,"column":null}},"128":{"start":{"line":900,"column":28},"end":{"line":900,"column":null}},"129":{"start":{"line":901,"column":30},"end":{"line":901,"column":null}},"130":{"start":{"line":902,"column":35},"end":{"line":902,"column":null}},"131":{"start":{"line":903,"column":31},"end":{"line":903,"column":null}},"132":{"start":{"line":907,"column":19},"end":{"line":907,"column":null}},"133":{"start":{"line":908,"column":22},"end":{"line":908,"column":null}},"134":{"start":{"line":909,"column":31},"end":{"line":909,"column":null}},"135":{"start":{"line":910,"column":23},"end":{"line":910,"column":null}},"136":{"start":{"line":911,"column":29},"end":{"line":911,"column":null}},"137":{"start":{"line":915,"column":19},"end":{"line":915,"column":null}},"138":{"start":{"line":916,"column":23},"end":{"line":916,"column":null}},"139":{"start":{"line":917,"column":27},"end":{"line":917,"column":null}},"140":{"start":{"line":918,"column":25},"end":{"line":918,"column":null}},"141":{"start":{"line":919,"column":27},"end":{"line":919,"column":null}},"142":{"start":{"line":920,"column":24},"end":{"line":920,"column":null}},"143":{"start":{"line":921,"column":24},"end":{"line":921,"column":null}},"144":{"start":{"line":922,"column":23},"end":{"line":922,"column":null}},"145":{"start":{"line":926,"column":19},"end":{"line":926,"column":null}},"146":{"start":{"line":927,"column":23},"end":{"line":927,"column":null}},"147":{"start":{"line":928,"column":26},"end":{"line":928,"column":null}},"148":{"start":{"line":929,"column":21},"end":{"line":929,"column":null}},"149":{"start":{"line":930,"column":24},"end":{"line":930,"column":null}},"150":{"start":{"line":931,"column":27},"end":{"line":931,"column":null}},"151":{"start":{"line":932,"column":19},"end":{"line":932,"column":null}},"152":{"start":{"line":933,"column":23},"end":{"line":933,"column":null}},"153":{"start":{"line":934,"column":31},"end":{"line":934,"column":null}},"154":{"start":{"line":935,"column":24},"end":{"line":935,"column":null}},"155":{"start":{"line":939,"column":19},"end":{"line":939,"column":null}},"156":{"start":{"line":940,"column":23},"end":{"line":940,"column":null}},"157":{"start":{"line":941,"column":23},"end":{"line":941,"column":null}},"158":{"start":{"line":942,"column":20},"end":{"line":942,"column":null}},"159":{"start":{"line":946,"column":19},"end":{"line":946,"column":null}},"160":{"start":{"line":947,"column":26},"end":{"line":949,"column":null}},"161":{"start":{"line":950,"column":26},"end":{"line":950,"column":null}},"162":{"start":{"line":951,"column":21},"end":{"line":951,"column":null}},"163":{"start":{"line":952,"column":20},"end":{"line":952,"column":null}},"164":{"start":{"line":953,"column":19},"end":{"line":953,"column":null}},"165":{"start":{"line":954,"column":30},"end":{"line":954,"column":null}},"166":{"start":{"line":955,"column":44},"end":{"line":955,"column":null}},"167":{"start":{"line":959,"column":19},"end":{"line":959,"column":null}},"168":{"start":{"line":960,"column":18},"end":{"line":960,"column":null}},"169":{"start":{"line":961,"column":27},"end":{"line":961,"column":null}},"170":{"start":{"line":962,"column":26},"end":{"line":962,"column":null}},"171":{"start":{"line":963,"column":33},"end":{"line":963,"column":null}},"172":{"start":{"line":964,"column":23},"end":{"line":964,"column":null}},"173":{"start":{"line":968,"column":19},"end":{"line":968,"column":null}},"174":{"start":{"line":969,"column":23},"end":{"line":969,"column":null}},"175":{"start":{"line":970,"column":26},"end":{"line":970,"column":null}},"176":{"start":{"line":971,"column":18},"end":{"line":971,"column":null}},"177":{"start":{"line":972,"column":21},"end":{"line":972,"column":null}},"178":{"start":{"line":973,"column":19},"end":{"line":973,"column":null}},"179":{"start":{"line":974,"column":18},"end":{"line":974,"column":null}},"180":{"start":{"line":975,"column":23},"end":{"line":975,"column":null}},"181":{"start":{"line":976,"column":23},"end":{"line":976,"column":null}},"182":{"start":{"line":977,"column":31},"end":{"line":977,"column":null}},"183":{"start":{"line":981,"column":19},"end":{"line":981,"column":null}},"184":{"start":{"line":982,"column":23},"end":{"line":982,"column":null}},"185":{"start":{"line":983,"column":31},"end":{"line":983,"column":null}},"186":{"start":{"line":984,"column":27},"end":{"line":984,"column":null}},"187":{"start":{"line":985,"column":20},"end":{"line":985,"column":null}},"188":{"start":{"line":986,"column":23},"end":{"line":986,"column":null}},"189":{"start":{"line":987,"column":24},"end":{"line":987,"column":null}},"190":{"start":{"line":991,"column":19},"end":{"line":991,"column":null}},"191":{"start":{"line":992,"column":18},"end":{"line":992,"column":null}},"192":{"start":{"line":993,"column":18},"end":{"line":993,"column":null}},"193":{"start":{"line":994,"column":19},"end":{"line":994,"column":null}},"194":{"start":{"line":995,"column":25},"end":{"line":995,"column":null}},"195":{"start":{"line":996,"column":23},"end":{"line":996,"column":null}},"196":{"start":{"line":1000,"column":19},"end":{"line":1000,"column":null}},"197":{"start":{"line":1001,"column":25},"end":{"line":1001,"column":null}},"198":{"start":{"line":1002,"column":23},"end":{"line":1002,"column":null}},"199":{"start":{"line":1003,"column":23},"end":{"line":1003,"column":null}},"200":{"start":{"line":1004,"column":31},"end":{"line":1004,"column":null}},"201":{"start":{"line":1005,"column":24},"end":{"line":1005,"column":null}},"202":{"start":{"line":1009,"column":19},"end":{"line":1009,"column":null}},"203":{"start":{"line":1018,"column":8},"end":{"line":1018,"column":null}},"204":{"start":{"line":1018,"column":14},"end":{"line":1018,"column":51}},"205":{"start":{"line":1018,"column":61},"end":{"line":1018,"column":72}},"206":{"start":{"line":1010,"column":24},"end":{"line":1010,"column":null}},"207":{"start":{"line":1011,"column":24},"end":{"line":1011,"column":null}},"208":{"start":{"line":1012,"column":25},"end":{"line":1012,"column":null}},"209":{"start":{"line":1013,"column":24},"end":{"line":1013,"column":null}},"210":{"start":{"line":1014,"column":26},"end":{"line":1014,"column":null}},"211":{"start":{"line":1015,"column":26},"end":{"line":1015,"column":null}},"212":{"start":{"line":1016,"column":25},"end":{"line":1016,"column":null}},"213":{"start":{"line":1023,"column":19},"end":{"line":1023,"column":null}},"214":{"start":{"line":1024,"column":19},"end":{"line":1024,"column":null}},"215":{"start":{"line":1025,"column":25},"end":{"line":1025,"column":null}},"216":{"start":{"line":1026,"column":20},"end":{"line":1026,"column":null}},"217":{"start":{"line":1027,"column":22},"end":{"line":1027,"column":null}},"218":{"start":{"line":1028,"column":22},"end":{"line":1028,"column":null}},"219":{"start":{"line":1029,"column":25},"end":{"line":1029,"column":null}},"220":{"start":{"line":1030,"column":23},"end":{"line":1030,"column":null}},"221":{"start":{"line":1031,"column":24},"end":{"line":1031,"column":null}},"222":{"start":{"line":1032,"column":23},"end":{"line":1032,"column":null}},"223":{"start":{"line":1033,"column":20},"end":{"line":1033,"column":null}},"224":{"start":{"line":1034,"column":37},"end":{"line":1034,"column":null}},"225":{"start":{"line":1035,"column":38},"end":{"line":1035,"column":null}},"226":{"start":{"line":1036,"column":24},"end":{"line":1036,"column":null}},"227":{"start":{"line":1037,"column":24},"end":{"line":1037,"column":null}},"228":{"start":{"line":1038,"column":31},"end":{"line":1038,"column":null}},"229":{"start":{"line":1042,"column":19},"end":{"line":1042,"column":null}},"230":{"start":{"line":1043,"column":23},"end":{"line":1043,"column":null}},"231":{"start":{"line":1044,"column":26},"end":{"line":1044,"column":null}},"232":{"start":{"line":1045,"column":27},"end":{"line":1045,"column":null}},"233":{"start":{"line":1046,"column":26},"end":{"line":1046,"column":null}},"234":{"start":{"line":1047,"column":25},"end":{"line":1047,"column":null}},"235":{"start":{"line":1048,"column":28},"end":{"line":1048,"column":null}},"236":{"start":{"line":1049,"column":23},"end":{"line":1049,"column":null}},"237":{"start":{"line":1050,"column":31},"end":{"line":1050,"column":null}},"238":{"start":{"line":1054,"column":19},"end":{"line":1054,"column":null}},"239":{"start":{"line":1055,"column":26},"end":{"line":1057,"column":null}},"240":{"start":{"line":1058,"column":24},"end":{"line":1058,"column":null}},"241":{"start":{"line":1059,"column":27},"end":{"line":1059,"column":null}},"242":{"start":{"line":1060,"column":31},"end":{"line":1060,"column":null}},"243":{"start":{"line":1061,"column":19},"end":{"line":1061,"column":null}},"244":{"start":{"line":1062,"column":27},"end":{"line":1062,"column":null}},"245":{"start":{"line":1063,"column":29},"end":{"line":1063,"column":null}},"246":{"start":{"line":1064,"column":23},"end":{"line":1064,"column":null}},"247":{"start":{"line":1065,"column":31},"end":{"line":1065,"column":null}},"248":{"start":{"line":1066,"column":40},"end":{"line":1066,"column":null}},"249":{"start":{"line":1070,"column":19},"end":{"line":1070,"column":null}},"250":{"start":{"line":1071,"column":27},"end":{"line":1071,"column":null}},"251":{"start":{"line":1072,"column":25},"end":{"line":1072,"column":null}},"252":{"start":{"line":1073,"column":26},"end":{"line":1073,"column":null}},"253":{"start":{"line":1077,"column":19},"end":{"line":1077,"column":null}},"254":{"start":{"line":1078,"column":24},"end":{"line":1078,"column":null}},"255":{"start":{"line":1079,"column":24},"end":{"line":1079,"column":null}},"256":{"start":{"line":1080,"column":24},"end":{"line":1080,"column":null}},"257":{"start":{"line":1081,"column":20},"end":{"line":1081,"column":null}},"258":{"start":{"line":1082,"column":19},"end":{"line":1082,"column":null}},"259":{"start":{"line":1083,"column":23},"end":{"line":1083,"column":null}},"260":{"start":{"line":1084,"column":31},"end":{"line":1084,"column":null}},"261":{"start":{"line":1088,"column":19},"end":{"line":1088,"column":null}},"262":{"start":{"line":1089,"column":22},"end":{"line":1089,"column":null}},"263":{"start":{"line":1090,"column":23},"end":{"line":1090,"column":null}},"264":{"start":{"line":1091,"column":24},"end":{"line":1091,"column":null}},"265":{"start":{"line":1092,"column":25},"end":{"line":1092,"column":null}},"266":{"start":{"line":1093,"column":26},"end":{"line":1093,"column":null}},"267":{"start":{"line":1094,"column":24},"end":{"line":1094,"column":null}},"268":{"start":{"line":1095,"column":23},"end":{"line":1095,"column":null}},"269":{"start":{"line":1096,"column":31},"end":{"line":1096,"column":null}},"270":{"start":{"line":1100,"column":19},"end":{"line":1100,"column":null}},"271":{"start":{"line":1101,"column":18},"end":{"line":1101,"column":null}},"272":{"start":{"line":1102,"column":18},"end":{"line":1102,"column":null}},"273":{"start":{"line":1103,"column":22},"end":{"line":1103,"column":null}},"274":{"start":{"line":1104,"column":20},"end":{"line":1104,"column":null}},"275":{"start":{"line":1105,"column":35},"end":{"line":1105,"column":null}},"276":{"start":{"line":1106,"column":23},"end":{"line":1106,"column":null}},"277":{"start":{"line":1107,"column":31},"end":{"line":1107,"column":null}},"278":{"start":{"line":1111,"column":19},"end":{"line":1111,"column":null}},"279":{"start":{"line":1112,"column":23},"end":{"line":1112,"column":null}},"280":{"start":{"line":1113,"column":21},"end":{"line":1113,"column":null}},"281":{"start":{"line":1114,"column":18},"end":{"line":1114,"column":null}},"282":{"start":{"line":1115,"column":25},"end":{"line":1115,"column":null}},"283":{"start":{"line":1116,"column":18},"end":{"line":1116,"column":null}},"284":{"start":{"line":1120,"column":19},"end":{"line":1120,"column":null}},"285":{"start":{"line":1121,"column":26},"end":{"line":1121,"column":null}},"286":{"start":{"line":1122,"column":23},"end":{"line":1122,"column":null}},"287":{"start":{"line":1123,"column":24},"end":{"line":1123,"column":null}},"288":{"start":{"line":1124,"column":22},"end":{"line":1124,"column":null}},"289":{"start":{"line":1125,"column":28},"end":{"line":1125,"column":null}},"290":{"start":{"line":1129,"column":19},"end":{"line":1129,"column":null}},"291":{"start":{"line":1130,"column":21},"end":{"line":1130,"column":null}},"292":{"start":{"line":1131,"column":25},"end":{"line":1131,"column":null}},"293":{"start":{"line":1132,"column":27},"end":{"line":1132,"column":null}},"294":{"start":{"line":1133,"column":29},"end":{"line":1133,"column":null}},"295":{"start":{"line":1134,"column":31},"end":{"line":1134,"column":null}},"296":{"start":{"line":1135,"column":35},"end":{"line":1135,"column":null}},"297":{"start":{"line":1136,"column":26},"end":{"line":1136,"column":null}},"298":{"start":{"line":1140,"column":19},"end":{"line":1140,"column":null}},"299":{"start":{"line":1142,"column":25},"end":{"line":1142,"column":49}},"300":{"start":{"line":1144,"column":23},"end":{"line":1144,"column":46}},"301":{"start":{"line":1146,"column":23},"end":{"line":1146,"column":46}},"302":{"start":{"line":1141,"column":26},"end":{"line":1141,"column":null}},"303":{"start":{"line":1143,"column":24},"end":{"line":1143,"column":null}},"304":{"start":{"line":1145,"column":24},"end":{"line":1145,"column":null}},"305":{"start":{"line":1147,"column":18},"end":{"line":1147,"column":null}},"306":{"start":{"line":1148,"column":23},"end":{"line":1148,"column":null}},"307":{"start":{"line":1149,"column":18},"end":{"line":1149,"column":null}},"308":{"start":{"line":1153,"column":19},"end":{"line":1153,"column":null}},"309":{"start":{"line":1154,"column":23},"end":{"line":1154,"column":null}},"310":{"start":{"line":1155,"column":23},"end":{"line":1155,"column":null}},"311":{"start":{"line":1156,"column":24},"end":{"line":1156,"column":null}},"312":{"start":{"line":1157,"column":30},"end":{"line":1157,"column":null}},"313":{"start":{"line":1158,"column":26},"end":{"line":1158,"column":null}},"314":{"start":{"line":1159,"column":25},"end":{"line":1159,"column":null}},"315":{"start":{"line":1163,"column":19},"end":{"line":1163,"column":null}},"316":{"start":{"line":1164,"column":34},"end":{"line":1164,"column":null}},"317":{"start":{"line":1165,"column":33},"end":{"line":1165,"column":null}},"318":{"start":{"line":1166,"column":33},"end":{"line":1166,"column":null}},"319":{"start":{"line":1167,"column":20},"end":{"line":1167,"column":null}},"320":{"start":{"line":1168,"column":20},"end":{"line":1168,"column":null}},"321":{"start":{"line":1169,"column":31},"end":{"line":1169,"column":null}},"322":{"start":{"line":1173,"column":19},"end":{"line":1173,"column":null}},"323":{"start":{"line":1174,"column":23},"end":{"line":1174,"column":null}},"324":{"start":{"line":1175,"column":20},"end":{"line":1175,"column":null}},"325":{"start":{"line":1176,"column":28},"end":{"line":1176,"column":null}},"326":{"start":{"line":1177,"column":25},"end":{"line":1177,"column":null}},"327":{"start":{"line":1178,"column":19},"end":{"line":1178,"column":null}},"328":{"start":{"line":1179,"column":20},"end":{"line":1179,"column":null}},"329":{"start":{"line":1180,"column":28},"end":{"line":1180,"column":null}},"330":{"start":{"line":1181,"column":24},"end":{"line":1181,"column":null}},"331":{"start":{"line":1182,"column":23},"end":{"line":1182,"column":null}},"332":{"start":{"line":1183,"column":31},"end":{"line":1183,"column":null}},"333":{"start":{"line":1184,"column":29},"end":{"line":1184,"column":null}},"334":{"start":{"line":1185,"column":24},"end":{"line":1185,"column":null}},"335":{"start":{"line":1186,"column":30},"end":{"line":1186,"column":null}},"336":{"start":{"line":1190,"column":19},"end":{"line":1190,"column":null}},"337":{"start":{"line":1191,"column":23},"end":{"line":1191,"column":null}},"338":{"start":{"line":1192,"column":23},"end":{"line":1192,"column":null}},"339":{"start":{"line":1193,"column":27},"end":{"line":1193,"column":null}},"340":{"start":{"line":1194,"column":23},"end":{"line":1194,"column":null}},"341":{"start":{"line":1195,"column":18},"end":{"line":1195,"column":null}},"342":{"start":{"line":1196,"column":24},"end":{"line":1196,"column":null}},"343":{"start":{"line":1197,"column":20},"end":{"line":1197,"column":null}},"344":{"start":{"line":1198,"column":26},"end":{"line":1198,"column":null}},"345":{"start":{"line":1199,"column":23},"end":{"line":1199,"column":null}},"346":{"start":{"line":1200,"column":24},"end":{"line":1200,"column":null}},"347":{"start":{"line":1204,"column":19},"end":{"line":1204,"column":null}},"348":{"start":{"line":1205,"column":24},"end":{"line":1205,"column":null}},"349":{"start":{"line":1206,"column":24},"end":{"line":1206,"column":null}},"350":{"start":{"line":1207,"column":27},"end":{"line":1207,"column":null}},"351":{"start":{"line":1208,"column":26},"end":{"line":1208,"column":null}},"352":{"start":{"line":1209,"column":20},"end":{"line":1209,"column":null}},"353":{"start":{"line":1210,"column":24},"end":{"line":1210,"column":null}},"354":{"start":{"line":1214,"column":19},"end":{"line":1214,"column":null}},"355":{"start":{"line":1215,"column":23},"end":{"line":1215,"column":null}},"356":{"start":{"line":1216,"column":24},"end":{"line":1216,"column":null}},"357":{"start":{"line":1217,"column":29},"end":{"line":1217,"column":null}},"358":{"start":{"line":1218,"column":27},"end":{"line":1218,"column":null}},"359":{"start":{"line":1219,"column":24},"end":{"line":1219,"column":null}},"360":{"start":{"line":1220,"column":28},"end":{"line":1220,"column":null}},"361":{"start":{"line":1224,"column":19},"end":{"line":1224,"column":null}},"362":{"start":{"line":1225,"column":23},"end":{"line":1225,"column":null}},"363":{"start":{"line":1226,"column":23},"end":{"line":1226,"column":null}},"364":{"start":{"line":1227,"column":22},"end":{"line":1227,"column":null}},"365":{"start":{"line":1231,"column":19},"end":{"line":1231,"column":null}},"366":{"start":{"line":1232,"column":23},"end":{"line":1232,"column":null}},"367":{"start":{"line":1233,"column":30},"end":{"line":1233,"column":null}},"368":{"start":{"line":1234,"column":21},"end":{"line":1234,"column":null}},"369":{"start":{"line":1235,"column":20},"end":{"line":1235,"column":null}},"370":{"start":{"line":1236,"column":25},"end":{"line":1236,"column":null}},"371":{"start":{"line":1237,"column":20},"end":{"line":1237,"column":null}},"372":{"start":{"line":1238,"column":27},"end":{"line":1238,"column":null}},"373":{"start":{"line":1239,"column":24},"end":{"line":1239,"column":null}},"374":{"start":{"line":1243,"column":19},"end":{"line":1243,"column":null}},"375":{"start":{"line":1244,"column":23},"end":{"line":1244,"column":null}},"376":{"start":{"line":1245,"column":26},"end":{"line":1245,"column":null}},"377":{"start":{"line":1246,"column":20},"end":{"line":1246,"column":null}},"378":{"start":{"line":1247,"column":26},"end":{"line":1247,"column":null}},"379":{"start":{"line":1251,"column":19},"end":{"line":1251,"column":null}},"380":{"start":{"line":1252,"column":18},"end":{"line":1252,"column":null}},"381":{"start":{"line":1253,"column":28},"end":{"line":1253,"column":null}},"382":{"start":{"line":1254,"column":27},"end":{"line":1254,"column":null}},"383":{"start":{"line":1255,"column":21},"end":{"line":1255,"column":null}},"384":{"start":{"line":1256,"column":20},"end":{"line":1256,"column":null}},"385":{"start":{"line":1257,"column":21},"end":{"line":1257,"column":null}},"386":{"start":{"line":1258,"column":23},"end":{"line":1258,"column":null}},"387":{"start":{"line":1259,"column":25},"end":{"line":1259,"column":null}},"388":{"start":{"line":1260,"column":23},"end":{"line":1260,"column":null}},"389":{"start":{"line":1261,"column":21},"end":{"line":1261,"column":null}},"390":{"start":{"line":1262,"column":22},"end":{"line":1262,"column":null}},"391":{"start":{"line":1263,"column":20},"end":{"line":1263,"column":null}},"392":{"start":{"line":1267,"column":19},"end":{"line":1267,"column":null}},"393":{"start":{"line":1268,"column":18},"end":{"line":1268,"column":null}},"394":{"start":{"line":1269,"column":25},"end":{"line":1269,"column":null}},"395":{"start":{"line":1270,"column":23},"end":{"line":1270,"column":null}},"396":{"start":{"line":1271,"column":25},"end":{"line":1271,"column":null}},"397":{"start":{"line":1272,"column":34},"end":{"line":1272,"column":null}},"398":{"start":{"line":1273,"column":23},"end":{"line":1273,"column":null}},"399":{"start":{"line":1277,"column":19},"end":{"line":1277,"column":null}},"400":{"start":{"line":1278,"column":23},"end":{"line":1278,"column":null}},"401":{"start":{"line":1279,"column":24},"end":{"line":1279,"column":null}},"402":{"start":{"line":1280,"column":20},"end":{"line":1280,"column":null}},"403":{"start":{"line":1281,"column":29},"end":{"line":1281,"column":null}},"404":{"start":{"line":1282,"column":18},"end":{"line":1282,"column":null}},"405":{"start":{"line":1286,"column":19},"end":{"line":1286,"column":null}},"406":{"start":{"line":1287,"column":18},"end":{"line":1287,"column":null}},"407":{"start":{"line":1288,"column":22},"end":{"line":1288,"column":null}},"408":{"start":{"line":1289,"column":23},"end":{"line":1289,"column":null}},"409":{"start":{"line":1293,"column":19},"end":{"line":1293,"column":null}},"410":{"start":{"line":1294,"column":18},"end":{"line":1294,"column":null}},"411":{"start":{"line":1295,"column":22},"end":{"line":1295,"column":null}},"412":{"start":{"line":1296,"column":26},"end":{"line":1296,"column":null}},"413":{"start":{"line":1297,"column":32},"end":{"line":1297,"column":null}},"414":{"start":{"line":1298,"column":24},"end":{"line":1298,"column":null}},"415":{"start":{"line":1299,"column":23},"end":{"line":1299,"column":null}},"416":{"start":{"line":1300,"column":31},"end":{"line":1300,"column":null}},"417":{"start":{"line":1304,"column":19},"end":{"line":1304,"column":null}},"418":{"start":{"line":1305,"column":23},"end":{"line":1305,"column":null}},"419":{"start":{"line":1306,"column":30},"end":{"line":1306,"column":null}},"420":{"start":{"line":1307,"column":24},"end":{"line":1307,"column":null}},"421":{"start":{"line":1308,"column":22},"end":{"line":1308,"column":null}},"422":{"start":{"line":1309,"column":20},"end":{"line":1309,"column":null}},"423":{"start":{"line":1310,"column":31},"end":{"line":1310,"column":null}},"424":{"start":{"line":1311,"column":33},"end":{"line":1311,"column":null}},"425":{"start":{"line":1315,"column":19},"end":{"line":1315,"column":null}},"426":{"start":{"line":1316,"column":23},"end":{"line":1316,"column":null}},"427":{"start":{"line":1317,"column":25},"end":{"line":1317,"column":null}},"428":{"start":{"line":1318,"column":25},"end":{"line":1318,"column":null}},"429":{"start":{"line":1319,"column":20},"end":{"line":1319,"column":null}},"430":{"start":{"line":1320,"column":36},"end":{"line":1320,"column":null}},"431":{"start":{"line":1321,"column":26},"end":{"line":1321,"column":null}},"432":{"start":{"line":1322,"column":23},"end":{"line":1322,"column":null}},"433":{"start":{"line":1323,"column":26},"end":{"line":1323,"column":null}},"434":{"start":{"line":1327,"column":19},"end":{"line":1327,"column":null}},"435":{"start":{"line":1328,"column":23},"end":{"line":1328,"column":null}},"436":{"start":{"line":1329,"column":26},"end":{"line":1329,"column":null}},"437":{"start":{"line":1330,"column":25},"end":{"line":1330,"column":null}},"438":{"start":{"line":1331,"column":20},"end":{"line":1331,"column":null}},"439":{"start":{"line":1332,"column":18},"end":{"line":1332,"column":null}},"440":{"start":{"line":1333,"column":25},"end":{"line":1333,"column":null}},"441":{"start":{"line":1334,"column":20},"end":{"line":1334,"column":null}},"442":{"start":{"line":1335,"column":23},"end":{"line":1335,"column":null}},"443":{"start":{"line":1339,"column":19},"end":{"line":1339,"column":null}},"444":{"start":{"line":1340,"column":36},"end":{"line":1340,"column":null}},"445":{"start":{"line":1341,"column":33},"end":{"line":1341,"column":null}},"446":{"start":{"line":1342,"column":23},"end":{"line":1342,"column":null}},"447":{"start":{"line":1343,"column":22},"end":{"line":1343,"column":null}},"448":{"start":{"line":1344,"column":26},"end":{"line":1344,"column":null}},"449":{"start":{"line":1345,"column":27},"end":{"line":1345,"column":null}},"450":{"start":{"line":1346,"column":22},"end":{"line":1346,"column":null}},"451":{"start":{"line":1347,"column":20},"end":{"line":1347,"column":null}},"452":{"start":{"line":1348,"column":31},"end":{"line":1348,"column":null}},"453":{"start":{"line":1349,"column":24},"end":{"line":1349,"column":null}},"454":{"start":{"line":1353,"column":19},"end":{"line":1353,"column":null}},"455":{"start":{"line":1354,"column":26},"end":{"line":1356,"column":null}},"456":{"start":{"line":1357,"column":26},"end":{"line":1357,"column":null}},"457":{"start":{"line":1358,"column":23},"end":{"line":1358,"column":null}},"458":{"start":{"line":1359,"column":20},"end":{"line":1359,"column":null}},"459":{"start":{"line":1360,"column":31},"end":{"line":1360,"column":null}},"460":{"start":{"line":1361,"column":24},"end":{"line":1361,"column":null}},"461":{"start":{"line":1362,"column":37},"end":{"line":1362,"column":null}},"462":{"start":{"line":1363,"column":44},"end":{"line":1363,"column":null}},"463":{"start":{"line":1367,"column":19},"end":{"line":1367,"column":null}},"464":{"start":{"line":1368,"column":29},"end":{"line":1368,"column":null}},"465":{"start":{"line":1369,"column":26},"end":{"line":1369,"column":null}},"466":{"start":{"line":1370,"column":20},"end":{"line":1370,"column":null}},"467":{"start":{"line":1371,"column":28},"end":{"line":1371,"column":null}},"468":{"start":{"line":1372,"column":24},"end":{"line":1372,"column":null}},"469":{"start":{"line":1373,"column":31},"end":{"line":1373,"column":null}},"470":{"start":{"line":1377,"column":19},"end":{"line":1377,"column":null}},"471":{"start":{"line":1378,"column":23},"end":{"line":1378,"column":null}},"472":{"start":{"line":1379,"column":24},"end":{"line":1379,"column":null}},"473":{"start":{"line":1380,"column":24},"end":{"line":1380,"column":null}},"474":{"start":{"line":1381,"column":22},"end":{"line":1381,"column":null}},"475":{"start":{"line":1382,"column":30},"end":{"line":1382,"column":null}},"476":{"start":{"line":1383,"column":27},"end":{"line":1383,"column":null}},"477":{"start":{"line":1384,"column":20},"end":{"line":1384,"column":null}},"478":{"start":{"line":1385,"column":31},"end":{"line":1385,"column":null}},"479":{"start":{"line":1389,"column":19},"end":{"line":1389,"column":null}},"480":{"start":{"line":1390,"column":18},"end":{"line":1390,"column":null}},"481":{"start":{"line":1391,"column":18},"end":{"line":1391,"column":null}},"482":{"start":{"line":1392,"column":27},"end":{"line":1392,"column":null}},"483":{"start":{"line":1393,"column":35},"end":{"line":1393,"column":null}},"484":{"start":{"line":1394,"column":29},"end":{"line":1394,"column":null}},"485":{"start":{"line":1398,"column":19},"end":{"line":1398,"column":null}},"486":{"start":{"line":1399,"column":26},"end":{"line":1399,"column":null}},"487":{"start":{"line":1400,"column":23},"end":{"line":1400,"column":null}},"488":{"start":{"line":1401,"column":26},"end":{"line":1401,"column":null}},"489":{"start":{"line":1402,"column":20},"end":{"line":1402,"column":null}},"490":{"start":{"line":1403,"column":34},"end":{"line":1403,"column":null}},"491":{"start":{"line":1404,"column":32},"end":{"line":1404,"column":null}},"492":{"start":{"line":1405,"column":25},"end":{"line":1405,"column":null}},"493":{"start":{"line":1406,"column":32},"end":{"line":1406,"column":null}},"494":{"start":{"line":1407,"column":34},"end":{"line":1407,"column":null}},"495":{"start":{"line":1408,"column":24},"end":{"line":1408,"column":null}},"496":{"start":{"line":1409,"column":30},"end":{"line":1409,"column":null}},"497":{"start":{"line":1410,"column":28},"end":{"line":1410,"column":null}},"498":{"start":{"line":1411,"column":25},"end":{"line":1411,"column":null}},"499":{"start":{"line":1412,"column":23},"end":{"line":1412,"column":null}},"500":{"start":{"line":1413,"column":31},"end":{"line":1413,"column":null}},"501":{"start":{"line":1414,"column":24},"end":{"line":1414,"column":null}},"502":{"start":{"line":1418,"column":19},"end":{"line":1418,"column":null}},"503":{"start":{"line":1419,"column":24},"end":{"line":1419,"column":null}},"504":{"start":{"line":1420,"column":20},"end":{"line":1420,"column":null}},"505":{"start":{"line":1421,"column":27},"end":{"line":1421,"column":null}},"506":{"start":{"line":1422,"column":26},"end":{"line":1422,"column":null}},"507":{"start":{"line":1423,"column":31},"end":{"line":1423,"column":null}},"508":{"start":{"line":1427,"column":19},"end":{"line":1427,"column":null}},"509":{"start":{"line":1428,"column":18},"end":{"line":1428,"column":null}},"510":{"start":{"line":1429,"column":23},"end":{"line":1429,"column":null}},"511":{"start":{"line":1430,"column":31},"end":{"line":1430,"column":null}},"512":{"start":{"line":1431,"column":37},"end":{"line":1431,"column":null}},"513":{"start":{"line":1432,"column":31},"end":{"line":1432,"column":null}},"514":{"start":{"line":1433,"column":30},"end":{"line":1433,"column":null}},"515":{"start":{"line":1434,"column":25},"end":{"line":1434,"column":null}},"516":{"start":{"line":1435,"column":23},"end":{"line":1435,"column":null}},"517":{"start":{"line":1436,"column":27},"end":{"line":1436,"column":null}},"518":{"start":{"line":1437,"column":29},"end":{"line":1437,"column":null}},"519":{"start":{"line":1438,"column":27},"end":{"line":1438,"column":null}},"520":{"start":{"line":1439,"column":23},"end":{"line":1439,"column":null}},"521":{"start":{"line":1440,"column":29},"end":{"line":1440,"column":null}},"522":{"start":{"line":1441,"column":28},"end":{"line":1441,"column":null}},"523":{"start":{"line":1442,"column":30},"end":{"line":1442,"column":null}},"524":{"start":{"line":1446,"column":19},"end":{"line":1446,"column":null}},"525":{"start":{"line":1447,"column":29},"end":{"line":1447,"column":null}},"526":{"start":{"line":1448,"column":26},"end":{"line":1448,"column":null}},"527":{"start":{"line":1449,"column":23},"end":{"line":1449,"column":null}},"528":{"start":{"line":1450,"column":20},"end":{"line":1450,"column":null}},"529":{"start":{"line":1451,"column":19},"end":{"line":1451,"column":null}},"530":{"start":{"line":1452,"column":29},"end":{"line":1452,"column":null}},"531":{"start":{"line":1453,"column":39},"end":{"line":1453,"column":null}},"532":{"start":{"line":1454,"column":37},"end":{"line":1454,"column":null}},"533":{"start":{"line":1455,"column":19},"end":{"line":1455,"column":null}},"534":{"start":{"line":1456,"column":23},"end":{"line":1456,"column":null}},"535":{"start":{"line":1460,"column":19},"end":{"line":1460,"column":null}},"536":{"start":{"line":1461,"column":19},"end":{"line":1461,"column":null}},"537":{"start":{"line":1462,"column":22},"end":{"line":1462,"column":null}},"538":{"start":{"line":1463,"column":25},"end":{"line":1463,"column":null}},"539":{"start":{"line":1464,"column":31},"end":{"line":1464,"column":null}},"540":{"start":{"line":1465,"column":25},"end":{"line":1465,"column":null}},"541":{"start":{"line":1466,"column":21},"end":{"line":1466,"column":null}},"542":{"start":{"line":1467,"column":24},"end":{"line":1467,"column":null}},"543":{"start":{"line":1468,"column":25},"end":{"line":1468,"column":null}},"544":{"start":{"line":1472,"column":19},"end":{"line":1472,"column":null}},"545":{"start":{"line":1473,"column":21},"end":{"line":1473,"column":null}},"546":{"start":{"line":1474,"column":23},"end":{"line":1474,"column":null}},"547":{"start":{"line":1478,"column":19},"end":{"line":1478,"column":null}},"548":{"start":{"line":1479,"column":19},"end":{"line":1479,"column":null}},"549":{"start":{"line":1480,"column":25},"end":{"line":1480,"column":null}},"550":{"start":{"line":1481,"column":24},"end":{"line":1481,"column":null}},"551":{"start":{"line":1482,"column":22},"end":{"line":1482,"column":null}},"552":{"start":{"line":1483,"column":24},"end":{"line":1483,"column":null}},"553":{"start":{"line":1484,"column":31},"end":{"line":1484,"column":null}},"554":{"start":{"line":1485,"column":23},"end":{"line":1485,"column":null}},"555":{"start":{"line":1489,"column":19},"end":{"line":1489,"column":null}},"556":{"start":{"line":1490,"column":22},"end":{"line":1490,"column":null}},"557":{"start":{"line":1491,"column":21},"end":{"line":1491,"column":null}},"558":{"start":{"line":1492,"column":31},"end":{"line":1492,"column":null}},"559":{"start":{"line":1496,"column":19},"end":{"line":1496,"column":null}},"560":{"start":{"line":1497,"column":23},"end":{"line":1497,"column":null}},"561":{"start":{"line":1498,"column":36},"end":{"line":1498,"column":null}},"562":{"start":{"line":1499,"column":37},"end":{"line":1499,"column":null}},"563":{"start":{"line":1500,"column":25},"end":{"line":1500,"column":null}},"564":{"start":{"line":1504,"column":19},"end":{"line":1504,"column":null}},"565":{"start":{"line":1505,"column":18},"end":{"line":1505,"column":null}},"566":{"start":{"line":1506,"column":20},"end":{"line":1506,"column":null}},"567":{"start":{"line":1507,"column":26},"end":{"line":1507,"column":null}},"568":{"start":{"line":1508,"column":22},"end":{"line":1508,"column":null}},"569":{"start":{"line":1512,"column":19},"end":{"line":1512,"column":null}},"570":{"start":{"line":1513,"column":24},"end":{"line":1513,"column":null}},"571":{"start":{"line":1514,"column":19},"end":{"line":1514,"column":null}},"572":{"start":{"line":1515,"column":25},"end":{"line":1515,"column":null}},"573":{"start":{"line":1516,"column":26},"end":{"line":1516,"column":null}},"574":{"start":{"line":1517,"column":31},"end":{"line":1517,"column":null}},"575":{"start":{"line":1518,"column":36},"end":{"line":1518,"column":null}},"576":{"start":{"line":1519,"column":31},"end":{"line":1519,"column":null}},"577":{"start":{"line":1523,"column":19},"end":{"line":1523,"column":null}},"578":{"start":{"line":1524,"column":23},"end":{"line":1524,"column":null}},"579":{"start":{"line":1525,"column":24},"end":{"line":1525,"column":null}},"580":{"start":{"line":1526,"column":25},"end":{"line":1526,"column":null}},"581":{"start":{"line":1527,"column":30},"end":{"line":1527,"column":null}},"582":{"start":{"line":1528,"column":23},"end":{"line":1528,"column":null}},"583":{"start":{"line":1529,"column":23},"end":{"line":1529,"column":null}},"584":{"start":{"line":1533,"column":19},"end":{"line":1533,"column":null}},"585":{"start":{"line":1534,"column":23},"end":{"line":1534,"column":null}},"586":{"start":{"line":1535,"column":23},"end":{"line":1535,"column":null}},"587":{"start":{"line":1536,"column":21},"end":{"line":1536,"column":null}},"588":{"start":{"line":1537,"column":30},"end":{"line":1537,"column":null}},"589":{"start":{"line":1538,"column":25},"end":{"line":1538,"column":null}},"590":{"start":{"line":1539,"column":30},"end":{"line":1539,"column":null}},"591":{"start":{"line":1540,"column":22},"end":{"line":1540,"column":null}},"592":{"start":{"line":1541,"column":20},"end":{"line":1541,"column":null}},"593":{"start":{"line":1542,"column":31},"end":{"line":1542,"column":null}},"594":{"start":{"line":1546,"column":19},"end":{"line":1546,"column":null}},"595":{"start":{"line":1547,"column":23},"end":{"line":1547,"column":null}},"596":{"start":{"line":1548,"column":23},"end":{"line":1548,"column":null}},"597":{"start":{"line":1549,"column":31},"end":{"line":1549,"column":null}},"598":{"start":{"line":1550,"column":28},"end":{"line":1550,"column":null}},"599":{"start":{"line":1551,"column":21},"end":{"line":1551,"column":null}},"600":{"start":{"line":1552,"column":20},"end":{"line":1552,"column":null}},"601":{"start":{"line":1553,"column":36},"end":{"line":1553,"column":null}},"602":{"start":{"line":1554,"column":24},"end":{"line":1554,"column":null}},"603":{"start":{"line":1555,"column":23},"end":{"line":1555,"column":null}},"604":{"start":{"line":1556,"column":31},"end":{"line":1556,"column":null}},"605":{"start":{"line":1560,"column":19},"end":{"line":1560,"column":null}},"606":{"start":{"line":1561,"column":27},"end":{"line":1561,"column":null}},"607":{"start":{"line":1562,"column":18},"end":{"line":1562,"column":null}},"608":{"start":{"line":1563,"column":20},"end":{"line":1563,"column":null}},"609":{"start":{"line":1564,"column":28},"end":{"line":1564,"column":null}},"610":{"start":{"line":1565,"column":28},"end":{"line":1565,"column":null}},"611":{"start":{"line":1566,"column":26},"end":{"line":1566,"column":null}},"612":{"start":{"line":1567,"column":23},"end":{"line":1567,"column":null}},"613":{"start":{"line":1568,"column":31},"end":{"line":1568,"column":null}},"614":{"start":{"line":1572,"column":19},"end":{"line":1572,"column":null}},"615":{"start":{"line":1573,"column":21},"end":{"line":1573,"column":null}},"616":{"start":{"line":1574,"column":24},"end":{"line":1574,"column":null}},"617":{"start":{"line":1575,"column":28},"end":{"line":1575,"column":null}},"618":{"start":{"line":1579,"column":19},"end":{"line":1579,"column":null}},"619":{"start":{"line":1580,"column":23},"end":{"line":1580,"column":null}},"620":{"start":{"line":1581,"column":23},"end":{"line":1581,"column":null}},"621":{"start":{"line":1582,"column":20},"end":{"line":1582,"column":null}},"622":{"start":{"line":1586,"column":19},"end":{"line":1586,"column":null}},"623":{"start":{"line":1587,"column":23},"end":{"line":1587,"column":null}},"624":{"start":{"line":1588,"column":23},"end":{"line":1588,"column":null}},"625":{"start":{"line":1589,"column":30},"end":{"line":1589,"column":null}},"626":{"start":{"line":1590,"column":20},"end":{"line":1590,"column":null}},"627":{"start":{"line":1591,"column":19},"end":{"line":1591,"column":null}},"628":{"start":{"line":1592,"column":23},"end":{"line":1592,"column":null}},"629":{"start":{"line":1596,"column":19},"end":{"line":1596,"column":null}},"630":{"start":{"line":1597,"column":23},"end":{"line":1597,"column":null}},"631":{"start":{"line":1598,"column":26},"end":{"line":1598,"column":null}},"632":{"start":{"line":1599,"column":21},"end":{"line":1599,"column":null}},"633":{"start":{"line":1600,"column":26},"end":{"line":1600,"column":null}},"634":{"start":{"line":1604,"column":19},"end":{"line":1604,"column":null}},"635":{"start":{"line":1605,"column":32},"end":{"line":1605,"column":null}},"636":{"start":{"line":1606,"column":26},"end":{"line":1606,"column":null}},"637":{"start":{"line":1607,"column":23},"end":{"line":1607,"column":null}},"638":{"start":{"line":1608,"column":18},"end":{"line":1608,"column":null}},"639":{"start":{"line":1609,"column":19},"end":{"line":1609,"column":null}},"640":{"start":{"line":1610,"column":24},"end":{"line":1610,"column":null}},"641":{"start":{"line":1614,"column":19},"end":{"line":1614,"column":null}},"642":{"start":{"line":1615,"column":26},"end":{"line":1615,"column":null}},"643":{"start":{"line":1616,"column":30},"end":{"line":1616,"column":null}},"644":{"start":{"line":1617,"column":25},"end":{"line":1617,"column":null}},"645":{"start":{"line":1618,"column":19},"end":{"line":1618,"column":null}},"646":{"start":{"line":1619,"column":29},"end":{"line":1619,"column":null}},"647":{"start":{"line":1620,"column":23},"end":{"line":1620,"column":null}},"648":{"start":{"line":1621,"column":31},"end":{"line":1621,"column":null}},"649":{"start":{"line":1625,"column":19},"end":{"line":1625,"column":null}},"650":{"start":{"line":1626,"column":21},"end":{"line":1626,"column":null}},"651":{"start":{"line":1627,"column":18},"end":{"line":1627,"column":null}},"652":{"start":{"line":1628,"column":20},"end":{"line":1628,"column":null}},"653":{"start":{"line":1629,"column":22},"end":{"line":1629,"column":null}},"654":{"start":{"line":1632,"column":17},"end":{"line":1721,"column":null}},"655":{"start":{"line":1638,"column":6},"end":{"line":1638,"column":null}}},"fnMap":{"0":{"name":"(anonymous_0)","decl":{"start":{"line":769,"column":6},"end":{"line":769,"column":15}},"loc":{"start":{"line":769,"column":15},"end":{"line":769,"column":null}},"line":769},"1":{"name":"(anonymous_1)","decl":{"start":{"line":784,"column":6},"end":{"line":784,"column":18}},"loc":{"start":{"line":784,"column":18},"end":{"line":784,"column":null}},"line":784},"2":{"name":"(anonymous_2)","decl":{"start":{"line":786,"column":6},"end":{"line":786,"column":25}},"loc":{"start":{"line":786,"column":25},"end":{"line":786,"column":null}},"line":786},"3":{"name":"(anonymous_3)","decl":{"start":{"line":788,"column":6},"end":{"line":788,"column":29}},"loc":{"start":{"line":788,"column":29},"end":{"line":788,"column":null}},"line":788},"4":{"name":"(anonymous_4)","decl":{"start":{"line":790,"column":6},"end":{"line":790,"column":24}},"loc":{"start":{"line":790,"column":24},"end":{"line":790,"column":null}},"line":790},"5":{"name":"(anonymous_5)","decl":{"start":{"line":792,"column":6},"end":{"line":792,"column":19}},"loc":{"start":{"line":792,"column":19},"end":{"line":792,"column":null}},"line":792},"6":{"name":"(anonymous_6)","decl":{"start":{"line":816,"column":6},"end":{"line":816,"column":23}},"loc":{"start":{"line":816,"column":23},"end":{"line":816,"column":null}},"line":816},"7":{"name":"(anonymous_7)","decl":{"start":{"line":820,"column":6},"end":{"line":820,"column":27}},"loc":{"start":{"line":820,"column":27},"end":{"line":826,"column":null}},"line":820},"8":{"name":"(anonymous_8)","decl":{"start":{"line":835,"column":6},"end":{"line":835,"column":30}},"loc":{"start":{"line":835,"column":30},"end":{"line":841,"column":null}},"line":835},"9":{"name":"(anonymous_9)","decl":{"start":{"line":1017,"column":8},"end":{"line":1017,"column":28}},"loc":{"start":{"line":1017,"column":28},"end":{"line":1019,"column":null}},"line":1017},"10":{"name":"(anonymous_10)","decl":{"start":{"line":1142,"column":8},"end":{"line":1142,"column":23}},"loc":{"start":{"line":1142,"column":23},"end":{"line":1142,"column":null}},"line":1142},"11":{"name":"(anonymous_11)","decl":{"start":{"line":1144,"column":8},"end":{"line":1144,"column":21}},"loc":{"start":{"line":1144,"column":21},"end":{"line":1144,"column":null}},"line":1144},"12":{"name":"(anonymous_12)","decl":{"start":{"line":1146,"column":8},"end":{"line":1146,"column":21}},"loc":{"start":{"line":1146,"column":21},"end":{"line":1146,"column":null}},"line":1146},"13":{"name":"(anonymous_13)","decl":{"start":{"line":1637,"column":26},"end":{"line":1637,"column":27}},"loc":{"start":{"line":1637,"column":42},"end":{"line":1639,"column":null}},"line":1637}},"branchMap":{"0":{"loc":{"start":{"line":822,"column":28},"end":{"line":822,"column":53}},"type":"binary-expr","locations":[{"start":{"line":822,"column":28},"end":{"line":822,"column":49}},{"start":{"line":822,"column":49},"end":{"line":822,"column":53}}],"line":822},"1":{"loc":{"start":{"line":837,"column":28},"end":{"line":837,"column":55}},"type":"binary-expr","locations":[{"start":{"line":837,"column":28},"end":{"line":837,"column":51}},{"start":{"line":837,"column":51},"end":{"line":837,"column":55}}],"line":837}},"s":{"0":1,"1":1,"2":1,"3":0,"4":1,"5":1,"6":1,"7":1,"8":1,"9":1,"10":1,"11":1,"12":1,"13":1,"14":1,"15":1,"16":1,"17":1,"18":1,"19":1,"20":1,"21":1,"22":1,"23":1,"24":1,"25":1,"26":1,"27":1,"28":1,"29":1,"30":1,"31":1,"32":1,"33":1,"34":1,"35":1,"36":1,"37":1,"38":1,"39":1,"40":1,"41":1,"42":1,"43":1,"44":1,"45":1,"46":1,"47":0,"48":0,"49":0,"50":0,"51":0,"52":1,"53":1,"54":1,"55":1,"56":1,"57":1,"58":1,"59":1,"60":1,"61":1,"62":1,"63":1,"64":1,"65":1,"66":1,"67":1,"68":1,"69":1,"70":1,"71":1,"72":1,"73":1,"74":0,"75":0,"76":0,"77":0,"78":1,"79":1,"80":1,"81":1,"82":1,"83":1,"84":1,"85":0,"86":0,"87":0,"88":1,"89":1,"90":1,"91":1,"92":1,"93":1,"94":1,"95":1,"96":1,"97":1,"98":1,"99":1,"100":1,"101":1,"102":1,"103":1,"104":1,"105":1,"106":1,"107":1,"108":1,"109":1,"110":1,"111":1,"112":1,"113":1,"114":1,"115":1,"116":1,"117":1,"118":1,"119":1,"120":1,"121":1,"122":1,"123":1,"124":1,"125":1,"126":1,"127":1,"128":1,"129":1,"130":1,"131":1,"132":1,"133":1,"134":1,"135":1,"136":1,"137":1,"138":1,"139":1,"140":1,"141":1,"142":1,"143":1,"144":1,"145":1,"146":1,"147":1,"148":1,"149":1,"150":1,"151":1,"152":1,"153":1,"154":1,"155":1,"156":1,"157":1,"158":1,"159":1,"160":1,"161":1,"162":1,"163":1,"164":1,"165":1,"166":1,"167":1,"168":1,"169":1,"170":1,"171":1,"172":1,"173":1,"174":1,"175":1,"176":1,"177":1,"178":1,"179":1,"180":1,"181":1,"182":1,"183":1,"184":1,"185":1,"186":1,"187":1,"188":1,"189":1,"190":1,"191":1,"192":1,"193":1,"194":1,"195":1,"196":1,"197":1,"198":1,"199":1,"200":1,"201":1,"202":1,"203":0,"204":0,"205":0,"206":1,"207":1,"208":1,"209":1,"210":1,"211":1,"212":1,"213":1,"214":1,"215":1,"216":1,"217":1,"218":1,"219":1,"220":1,"221":1,"222":1,"223":1,"224":1,"225":1,"226":1,"227":1,"228":1,"229":1,"230":1,"231":1,"232":1,"233":1,"234":1,"235":1,"236":1,"237":1,"238":1,"239":1,"240":1,"241":1,"242":1,"243":1,"244":1,"245":1,"246":1,"247":1,"248":1,"249":1,"250":1,"251":1,"252":1,"253":1,"254":1,"255":1,"256":1,"257":1,"258":1,"259":1,"260":1,"261":1,"262":1,"263":1,"264":1,"265":1,"266":1,"267":1,"268":1,"269":1,"270":1,"271":1,"272":1,"273":1,"274":1,"275":1,"276":1,"277":1,"278":1,"279":1,"280":1,"281":1,"282":1,"283":1,"284":1,"285":1,"286":1,"287":1,"288":1,"289":1,"290":1,"291":1,"292":1,"293":1,"294":1,"295":1,"296":1,"297":1,"298":1,"299":0,"300":0,"301":0,"302":1,"303":1,"304":1,"305":1,"306":1,"307":1,"308":1,"309":1,"310":1,"311":1,"312":1,"313":1,"314":1,"315":1,"316":1,"317":1,"318":1,"319":1,"320":1,"321":1,"322":1,"323":1,"324":1,"325":1,"326":1,"327":1,"328":1,"329":1,"330":1,"331":1,"332":1,"333":1,"334":1,"335":1,"336":1,"337":1,"338":1,"339":1,"340":1,"341":1,"342":1,"343":1,"344":1,"345":1,"346":1,"347":1,"348":1,"349":1,"350":1,"351":1,"352":1,"353":1,"354":1,"355":1,"356":1,"357":1,"358":1,"359":1,"360":1,"361":1,"362":1,"363":1,"364":1,"365":1,"366":1,"367":1,"368":1,"369":1,"370":1,"371":1,"372":1,"373":1,"374":1,"375":1,"376":1,"377":1,"378":1,"379":1,"380":1,"381":1,"382":1,"383":1,"384":1,"385":1,"386":1,"387":1,"388":1,"389":1,"390":1,"391":1,"392":1,"393":1,"394":1,"395":1,"396":1,"397":1,"398":1,"399":1,"400":1,"401":1,"402":1,"403":1,"404":1,"405":1,"406":1,"407":1,"408":1,"409":1,"410":1,"411":1,"412":1,"413":1,"414":1,"415":1,"416":1,"417":1,"418":1,"419":1,"420":1,"421":1,"422":1,"423":1,"424":1,"425":1,"426":1,"427":1,"428":1,"429":1,"430":1,"431":1,"432":1,"433":1,"434":1,"435":1,"436":1,"437":1,"438":1,"439":1,"440":1,"441":1,"442":1,"443":1,"444":1,"445":1,"446":1,"447":1,"448":1,"449":1,"450":1,"451":1,"452":1,"453":1,"454":1,"455":1,"456":1,"457":1,"458":1,"459":1,"460":1,"461":1,"462":1,"463":1,"464":1,"465":1,"466":1,"467":1,"468":1,"469":1,"470":1,"471":1,"472":1,"473":1,"474":1,"475":1,"476":1,"477":1,"478":1,"479":1,"480":1,"481":1,"482":1,"483":1,"484":1,"485":1,"486":1,"487":1,"488":1,"489":1,"490":1,"491":1,"492":1,"493":1,"494":1,"495":1,"496":1,"497":1,"498":1,"499":1,"500":1,"501":1,"502":1,"503":1,"504":1,"505":1,"506":1,"507":1,"508":1,"509":1,"510":1,"511":1,"512":1,"513":1,"514":1,"515":1,"516":1,"517":1,"518":1,"519":1,"520":1,"521":1,"522":1,"523":1,"524":1,"525":1,"526":1,"527":1,"528":1,"529":1,"530":1,"531":1,"532":1,"533":1,"534":1,"535":1,"536":1,"537":1,"538":1,"539":1,"540":1,"541":1,"542":1,"543":1,"544":1,"545":1,"546":1,"547":1,"548":1,"549":1,"550":1,"551":1,"552":1,"553":1,"554":1,"555":1,"556":1,"557":1,"558":1,"559":1,"560":1,"561":1,"562":1,"563":1,"564":1,"565":1,"566":1,"567":1,"568":1,"569":1,"570":1,"571":1,"572":1,"573":1,"574":1,"575":1,"576":1,"577":1,"578":1,"579":1,"580":1,"581":1,"582":1,"583":1,"584":1,"585":1,"586":1,"587":1,"588":1,"589":1,"590":1,"591":1,"592":1,"593":1,"594":1,"595":1,"596":1,"597":1,"598":1,"599":1,"600":1,"601":1,"602":1,"603":1,"604":1,"605":1,"606":1,"607":1,"608":1,"609":1,"610":1,"611":1,"612":1,"613":1,"614":1,"615":1,"616":1,"617":1,"618":1,"619":1,"620":1,"621":1,"622":1,"623":1,"624":1,"625":1,"626":1,"627":1,"628":1,"629":1,"630":1,"631":1,"632":1,"633":1,"634":1,"635":1,"636":1,"637":1,"638":1,"639":1,"640":1,"641":1,"642":1,"643":1,"644":1,"645":1,"646":1,"647":1,"648":1,"649":1,"650":1,"651":1,"652":1,"653":1,"654":1,"655":0},"f":{"0":0,"1":0,"2":0,"3":0,"4":0,"5":0,"6":0,"7":0,"8":0,"9":0,"10":0,"11":0,"12":0,"13":0},"b":{"0":[0,0],"1":[0,0]},"meta":{"lastBranch":2,"lastFunction":14,"lastStatement":656,"seen":{"s:8:13:720:Infinity":0,"s:723:17:723:Infinity":1,"s:724:24:727:Infinity":2,"f:769:6:769:15":0,"s:769:17:769:36":3,"s:729:21:729:Infinity":4,"s:730:31:730:Infinity":5,"s:731:26:731:Infinity":6,"s:732:25:732:Infinity":7,"s:733:18:733:Infinity":8,"s:734:19:734:Infinity":9,"s:735:20:735:Infinity":10,"s:736:18:736:Infinity":11,"s:737:19:737:Infinity":12,"s:738:17:738:Infinity":13,"s:739:31:739:Infinity":14,"s:740:21:740:Infinity":15,"s:741:29:741:Infinity":16,"s:742:28:742:Infinity":17,"s:743:27:743:Infinity":18,"s:744:29:744:Infinity":19,"s:745:32:745:Infinity":20,"s:746:22:746:Infinity":21,"s:747:27:747:Infinity":22,"s:748:18:748:Infinity":23,"s:749:29:749:Infinity":24,"s:750:21:750:Infinity":25,"s:751:22:751:Infinity":26,"s:752:30:752:Infinity":27,"s:753:25:753:Infinity":28,"s:754:23:754:Infinity":29,"s:755:28:755:Infinity":30,"s:756:25:756:Infinity":31,"s:757:23:757:Infinity":32,"s:758:29:758:Infinity":33,"s:759:22:759:Infinity":34,"s:760:22:760:Infinity":35,"s:761:22:761:Infinity":36,"s:762:21:762:Infinity":37,"s:763:24:763:Infinity":38,"s:764:24:764:Infinity":39,"s:765:29:765:Infinity":40,"s:766:18:766:Infinity":41,"s:767:18:767:Infinity":42,"s:770:24:770:Infinity":43,"s:772:26:772:Infinity":44,"s:776:17:776:Infinity":45,"s:777:24:779:Infinity":46,"f:784:6:784:18":1,"s:784:20:784:42":47,"f:786:6:786:25":2,"s:786:27:786:55":48,"f:788:6:788:29":3,"s:788:31:788:63":49,"f:790:6:790:24":4,"s:790:26:790:54":50,"f:792:6:792:19":5,"s:792:21:792:44":51,"s:780:16:780:Infinity":52,"s:781:21:781:Infinity":53,"s:782:20:782:Infinity":54,"s:783:21:783:Infinity":55,"s:785:29:785:Infinity":56,"s:787:32:787:Infinity":57,"s:789:27:789:Infinity":58,"s:791:22:791:Infinity":59,"s:793:19:793:Infinity":60,"s:794:26:794:Infinity":61,"s:795:21:795:Infinity":62,"s:796:22:796:Infinity":63,"s:797:22:797:Infinity":64,"s:798:36:798:Infinity":65,"s:802:17:802:Infinity":66,"s:803:16:803:Infinity":67,"s:804:17:804:Infinity":68,"s:805:18:805:Infinity":69,"s:806:20:806:Infinity":70,"s:807:21:807:Infinity":71,"s:808:24:808:Infinity":72,"s:812:17:812:Infinity":73,"f:816:6:816:23":6,"s:816:25:816:52":74,"f:820:6:820:27":7,"s:821:6:825:Infinity":75,"s:822:10:822:Infinity":76,"b:822:28:822:49:822:49:822:53":0,"s:824:10:824:Infinity":77,"s:813:16:813:Infinity":78,"s:814:27:814:Infinity":79,"s:817:31:817:Infinity":80,"s:818:22:818:Infinity":81,"s:819:25:819:Infinity":82,"s:827:16:827:Infinity":83,"s:831:17:831:Infinity":84,"f:835:6:835:30":8,"s:836:6:840:Infinity":85,"s:837:10:837:Infinity":86,"b:837:28:837:51:837:51:837:55":1,"s:839:10:839:Infinity":87,"s:832:16:832:Infinity":88,"s:833:27:833:Infinity":89,"s:834:21:834:Infinity":90,"s:845:19:845:Infinity":91,"s:846:18:846:Infinity":92,"s:847:18:847:Infinity":93,"s:851:19:851:Infinity":94,"s:852:18:852:Infinity":95,"s:853:18:853:Infinity":96,"s:854:25:854:Infinity":97,"s:855:42:855:Infinity":98,"s:859:19:859:Infinity":99,"s:860:18:860:Infinity":100,"s:861:18:861:Infinity":101,"s:862:23:862:Infinity":102,"s:863:38:863:Infinity":103,"s:867:19:867:Infinity":104,"s:868:23:868:Infinity":105,"s:869:34:869:Infinity":106,"s:870:33:870:Infinity":107,"s:871:26:871:Infinity":108,"s:875:19:875:Infinity":109,"s:876:23:876:Infinity":110,"s:877:23:877:Infinity":111,"s:878:30:878:Infinity":112,"s:879:21:879:Infinity":113,"s:880:30:880:Infinity":114,"s:881:24:881:Infinity":115,"s:885:19:885:Infinity":116,"s:886:23:886:Infinity":117,"s:887:26:887:Infinity":118,"s:888:26:888:Infinity":119,"s:889:27:889:Infinity":120,"s:890:24:890:Infinity":121,"s:894:19:894:Infinity":122,"s:895:23:895:Infinity":123,"s:896:23:896:Infinity":124,"s:897:24:897:Infinity":125,"s:898:20:898:Infinity":126,"s:899:27:899:Infinity":127,"s:900:28:900:Infinity":128,"s:901:30:901:Infinity":129,"s:902:35:902:Infinity":130,"s:903:31:903:Infinity":131,"s:907:19:907:Infinity":132,"s:908:22:908:Infinity":133,"s:909:31:909:Infinity":134,"s:910:23:910:Infinity":135,"s:911:29:911:Infinity":136,"s:915:19:915:Infinity":137,"s:916:23:916:Infinity":138,"s:917:27:917:Infinity":139,"s:918:25:918:Infinity":140,"s:919:27:919:Infinity":141,"s:920:24:920:Infinity":142,"s:921:24:921:Infinity":143,"s:922:23:922:Infinity":144,"s:926:19:926:Infinity":145,"s:927:23:927:Infinity":146,"s:928:26:928:Infinity":147,"s:929:21:929:Infinity":148,"s:930:24:930:Infinity":149,"s:931:27:931:Infinity":150,"s:932:19:932:Infinity":151,"s:933:23:933:Infinity":152,"s:934:31:934:Infinity":153,"s:935:24:935:Infinity":154,"s:939:19:939:Infinity":155,"s:940:23:940:Infinity":156,"s:941:23:941:Infinity":157,"s:942:20:942:Infinity":158,"s:946:19:946:Infinity":159,"s:947:26:949:Infinity":160,"s:950:26:950:Infinity":161,"s:951:21:951:Infinity":162,"s:952:20:952:Infinity":163,"s:953:19:953:Infinity":164,"s:954:30:954:Infinity":165,"s:955:44:955:Infinity":166,"s:959:19:959:Infinity":167,"s:960:18:960:Infinity":168,"s:961:27:961:Infinity":169,"s:962:26:962:Infinity":170,"s:963:33:963:Infinity":171,"s:964:23:964:Infinity":172,"s:968:19:968:Infinity":173,"s:969:23:969:Infinity":174,"s:970:26:970:Infinity":175,"s:971:18:971:Infinity":176,"s:972:21:972:Infinity":177,"s:973:19:973:Infinity":178,"s:974:18:974:Infinity":179,"s:975:23:975:Infinity":180,"s:976:23:976:Infinity":181,"s:977:31:977:Infinity":182,"s:981:19:981:Infinity":183,"s:982:23:982:Infinity":184,"s:983:31:983:Infinity":185,"s:984:27:984:Infinity":186,"s:985:20:985:Infinity":187,"s:986:23:986:Infinity":188,"s:987:24:987:Infinity":189,"s:991:19:991:Infinity":190,"s:992:18:992:Infinity":191,"s:993:18:993:Infinity":192,"s:994:19:994:Infinity":193,"s:995:25:995:Infinity":194,"s:996:23:996:Infinity":195,"s:1000:19:1000:Infinity":196,"s:1001:25:1001:Infinity":197,"s:1002:23:1002:Infinity":198,"s:1003:23:1003:Infinity":199,"s:1004:31:1004:Infinity":200,"s:1005:24:1005:Infinity":201,"s:1009:19:1009:Infinity":202,"f:1017:8:1017:28":9,"s:1018:8:1018:Infinity":203,"s:1018:14:1018:51":204,"s:1018:61:1018:72":205,"s:1010:24:1010:Infinity":206,"s:1011:24:1011:Infinity":207,"s:1012:25:1012:Infinity":208,"s:1013:24:1013:Infinity":209,"s:1014:26:1014:Infinity":210,"s:1015:26:1015:Infinity":211,"s:1016:25:1016:Infinity":212,"s:1023:19:1023:Infinity":213,"s:1024:19:1024:Infinity":214,"s:1025:25:1025:Infinity":215,"s:1026:20:1026:Infinity":216,"s:1027:22:1027:Infinity":217,"s:1028:22:1028:Infinity":218,"s:1029:25:1029:Infinity":219,"s:1030:23:1030:Infinity":220,"s:1031:24:1031:Infinity":221,"s:1032:23:1032:Infinity":222,"s:1033:20:1033:Infinity":223,"s:1034:37:1034:Infinity":224,"s:1035:38:1035:Infinity":225,"s:1036:24:1036:Infinity":226,"s:1037:24:1037:Infinity":227,"s:1038:31:1038:Infinity":228,"s:1042:19:1042:Infinity":229,"s:1043:23:1043:Infinity":230,"s:1044:26:1044:Infinity":231,"s:1045:27:1045:Infinity":232,"s:1046:26:1046:Infinity":233,"s:1047:25:1047:Infinity":234,"s:1048:28:1048:Infinity":235,"s:1049:23:1049:Infinity":236,"s:1050:31:1050:Infinity":237,"s:1054:19:1054:Infinity":238,"s:1055:26:1057:Infinity":239,"s:1058:24:1058:Infinity":240,"s:1059:27:1059:Infinity":241,"s:1060:31:1060:Infinity":242,"s:1061:19:1061:Infinity":243,"s:1062:27:1062:Infinity":244,"s:1063:29:1063:Infinity":245,"s:1064:23:1064:Infinity":246,"s:1065:31:1065:Infinity":247,"s:1066:40:1066:Infinity":248,"s:1070:19:1070:Infinity":249,"s:1071:27:1071:Infinity":250,"s:1072:25:1072:Infinity":251,"s:1073:26:1073:Infinity":252,"s:1077:19:1077:Infinity":253,"s:1078:24:1078:Infinity":254,"s:1079:24:1079:Infinity":255,"s:1080:24:1080:Infinity":256,"s:1081:20:1081:Infinity":257,"s:1082:19:1082:Infinity":258,"s:1083:23:1083:Infinity":259,"s:1084:31:1084:Infinity":260,"s:1088:19:1088:Infinity":261,"s:1089:22:1089:Infinity":262,"s:1090:23:1090:Infinity":263,"s:1091:24:1091:Infinity":264,"s:1092:25:1092:Infinity":265,"s:1093:26:1093:Infinity":266,"s:1094:24:1094:Infinity":267,"s:1095:23:1095:Infinity":268,"s:1096:31:1096:Infinity":269,"s:1100:19:1100:Infinity":270,"s:1101:18:1101:Infinity":271,"s:1102:18:1102:Infinity":272,"s:1103:22:1103:Infinity":273,"s:1104:20:1104:Infinity":274,"s:1105:35:1105:Infinity":275,"s:1106:23:1106:Infinity":276,"s:1107:31:1107:Infinity":277,"s:1111:19:1111:Infinity":278,"s:1112:23:1112:Infinity":279,"s:1113:21:1113:Infinity":280,"s:1114:18:1114:Infinity":281,"s:1115:25:1115:Infinity":282,"s:1116:18:1116:Infinity":283,"s:1120:19:1120:Infinity":284,"s:1121:26:1121:Infinity":285,"s:1122:23:1122:Infinity":286,"s:1123:24:1123:Infinity":287,"s:1124:22:1124:Infinity":288,"s:1125:28:1125:Infinity":289,"s:1129:19:1129:Infinity":290,"s:1130:21:1130:Infinity":291,"s:1131:25:1131:Infinity":292,"s:1132:27:1132:Infinity":293,"s:1133:29:1133:Infinity":294,"s:1134:31:1134:Infinity":295,"s:1135:35:1135:Infinity":296,"s:1136:26:1136:Infinity":297,"s:1140:19:1140:Infinity":298,"f:1142:8:1142:23":10,"s:1142:25:1142:49":299,"f:1144:8:1144:21":11,"s:1144:23:1144:46":300,"f:1146:8:1146:21":12,"s:1146:23:1146:46":301,"s:1141:26:1141:Infinity":302,"s:1143:24:1143:Infinity":303,"s:1145:24:1145:Infinity":304,"s:1147:18:1147:Infinity":305,"s:1148:23:1148:Infinity":306,"s:1149:18:1149:Infinity":307,"s:1153:19:1153:Infinity":308,"s:1154:23:1154:Infinity":309,"s:1155:23:1155:Infinity":310,"s:1156:24:1156:Infinity":311,"s:1157:30:1157:Infinity":312,"s:1158:26:1158:Infinity":313,"s:1159:25:1159:Infinity":314,"s:1163:19:1163:Infinity":315,"s:1164:34:1164:Infinity":316,"s:1165:33:1165:Infinity":317,"s:1166:33:1166:Infinity":318,"s:1167:20:1167:Infinity":319,"s:1168:20:1168:Infinity":320,"s:1169:31:1169:Infinity":321,"s:1173:19:1173:Infinity":322,"s:1174:23:1174:Infinity":323,"s:1175:20:1175:Infinity":324,"s:1176:28:1176:Infinity":325,"s:1177:25:1177:Infinity":326,"s:1178:19:1178:Infinity":327,"s:1179:20:1179:Infinity":328,"s:1180:28:1180:Infinity":329,"s:1181:24:1181:Infinity":330,"s:1182:23:1182:Infinity":331,"s:1183:31:1183:Infinity":332,"s:1184:29:1184:Infinity":333,"s:1185:24:1185:Infinity":334,"s:1186:30:1186:Infinity":335,"s:1190:19:1190:Infinity":336,"s:1191:23:1191:Infinity":337,"s:1192:23:1192:Infinity":338,"s:1193:27:1193:Infinity":339,"s:1194:23:1194:Infinity":340,"s:1195:18:1195:Infinity":341,"s:1196:24:1196:Infinity":342,"s:1197:20:1197:Infinity":343,"s:1198:26:1198:Infinity":344,"s:1199:23:1199:Infinity":345,"s:1200:24:1200:Infinity":346,"s:1204:19:1204:Infinity":347,"s:1205:24:1205:Infinity":348,"s:1206:24:1206:Infinity":349,"s:1207:27:1207:Infinity":350,"s:1208:26:1208:Infinity":351,"s:1209:20:1209:Infinity":352,"s:1210:24:1210:Infinity":353,"s:1214:19:1214:Infinity":354,"s:1215:23:1215:Infinity":355,"s:1216:24:1216:Infinity":356,"s:1217:29:1217:Infinity":357,"s:1218:27:1218:Infinity":358,"s:1219:24:1219:Infinity":359,"s:1220:28:1220:Infinity":360,"s:1224:19:1224:Infinity":361,"s:1225:23:1225:Infinity":362,"s:1226:23:1226:Infinity":363,"s:1227:22:1227:Infinity":364,"s:1231:19:1231:Infinity":365,"s:1232:23:1232:Infinity":366,"s:1233:30:1233:Infinity":367,"s:1234:21:1234:Infinity":368,"s:1235:20:1235:Infinity":369,"s:1236:25:1236:Infinity":370,"s:1237:20:1237:Infinity":371,"s:1238:27:1238:Infinity":372,"s:1239:24:1239:Infinity":373,"s:1243:19:1243:Infinity":374,"s:1244:23:1244:Infinity":375,"s:1245:26:1245:Infinity":376,"s:1246:20:1246:Infinity":377,"s:1247:26:1247:Infinity":378,"s:1251:19:1251:Infinity":379,"s:1252:18:1252:Infinity":380,"s:1253:28:1253:Infinity":381,"s:1254:27:1254:Infinity":382,"s:1255:21:1255:Infinity":383,"s:1256:20:1256:Infinity":384,"s:1257:21:1257:Infinity":385,"s:1258:23:1258:Infinity":386,"s:1259:25:1259:Infinity":387,"s:1260:23:1260:Infinity":388,"s:1261:21:1261:Infinity":389,"s:1262:22:1262:Infinity":390,"s:1263:20:1263:Infinity":391,"s:1267:19:1267:Infinity":392,"s:1268:18:1268:Infinity":393,"s:1269:25:1269:Infinity":394,"s:1270:23:1270:Infinity":395,"s:1271:25:1271:Infinity":396,"s:1272:34:1272:Infinity":397,"s:1273:23:1273:Infinity":398,"s:1277:19:1277:Infinity":399,"s:1278:23:1278:Infinity":400,"s:1279:24:1279:Infinity":401,"s:1280:20:1280:Infinity":402,"s:1281:29:1281:Infinity":403,"s:1282:18:1282:Infinity":404,"s:1286:19:1286:Infinity":405,"s:1287:18:1287:Infinity":406,"s:1288:22:1288:Infinity":407,"s:1289:23:1289:Infinity":408,"s:1293:19:1293:Infinity":409,"s:1294:18:1294:Infinity":410,"s:1295:22:1295:Infinity":411,"s:1296:26:1296:Infinity":412,"s:1297:32:1297:Infinity":413,"s:1298:24:1298:Infinity":414,"s:1299:23:1299:Infinity":415,"s:1300:31:1300:Infinity":416,"s:1304:19:1304:Infinity":417,"s:1305:23:1305:Infinity":418,"s:1306:30:1306:Infinity":419,"s:1307:24:1307:Infinity":420,"s:1308:22:1308:Infinity":421,"s:1309:20:1309:Infinity":422,"s:1310:31:1310:Infinity":423,"s:1311:33:1311:Infinity":424,"s:1315:19:1315:Infinity":425,"s:1316:23:1316:Infinity":426,"s:1317:25:1317:Infinity":427,"s:1318:25:1318:Infinity":428,"s:1319:20:1319:Infinity":429,"s:1320:36:1320:Infinity":430,"s:1321:26:1321:Infinity":431,"s:1322:23:1322:Infinity":432,"s:1323:26:1323:Infinity":433,"s:1327:19:1327:Infinity":434,"s:1328:23:1328:Infinity":435,"s:1329:26:1329:Infinity":436,"s:1330:25:1330:Infinity":437,"s:1331:20:1331:Infinity":438,"s:1332:18:1332:Infinity":439,"s:1333:25:1333:Infinity":440,"s:1334:20:1334:Infinity":441,"s:1335:23:1335:Infinity":442,"s:1339:19:1339:Infinity":443,"s:1340:36:1340:Infinity":444,"s:1341:33:1341:Infinity":445,"s:1342:23:1342:Infinity":446,"s:1343:22:1343:Infinity":447,"s:1344:26:1344:Infinity":448,"s:1345:27:1345:Infinity":449,"s:1346:22:1346:Infinity":450,"s:1347:20:1347:Infinity":451,"s:1348:31:1348:Infinity":452,"s:1349:24:1349:Infinity":453,"s:1353:19:1353:Infinity":454,"s:1354:26:1356:Infinity":455,"s:1357:26:1357:Infinity":456,"s:1358:23:1358:Infinity":457,"s:1359:20:1359:Infinity":458,"s:1360:31:1360:Infinity":459,"s:1361:24:1361:Infinity":460,"s:1362:37:1362:Infinity":461,"s:1363:44:1363:Infinity":462,"s:1367:19:1367:Infinity":463,"s:1368:29:1368:Infinity":464,"s:1369:26:1369:Infinity":465,"s:1370:20:1370:Infinity":466,"s:1371:28:1371:Infinity":467,"s:1372:24:1372:Infinity":468,"s:1373:31:1373:Infinity":469,"s:1377:19:1377:Infinity":470,"s:1378:23:1378:Infinity":471,"s:1379:24:1379:Infinity":472,"s:1380:24:1380:Infinity":473,"s:1381:22:1381:Infinity":474,"s:1382:30:1382:Infinity":475,"s:1383:27:1383:Infinity":476,"s:1384:20:1384:Infinity":477,"s:1385:31:1385:Infinity":478,"s:1389:19:1389:Infinity":479,"s:1390:18:1390:Infinity":480,"s:1391:18:1391:Infinity":481,"s:1392:27:1392:Infinity":482,"s:1393:35:1393:Infinity":483,"s:1394:29:1394:Infinity":484,"s:1398:19:1398:Infinity":485,"s:1399:26:1399:Infinity":486,"s:1400:23:1400:Infinity":487,"s:1401:26:1401:Infinity":488,"s:1402:20:1402:Infinity":489,"s:1403:34:1403:Infinity":490,"s:1404:32:1404:Infinity":491,"s:1405:25:1405:Infinity":492,"s:1406:32:1406:Infinity":493,"s:1407:34:1407:Infinity":494,"s:1408:24:1408:Infinity":495,"s:1409:30:1409:Infinity":496,"s:1410:28:1410:Infinity":497,"s:1411:25:1411:Infinity":498,"s:1412:23:1412:Infinity":499,"s:1413:31:1413:Infinity":500,"s:1414:24:1414:Infinity":501,"s:1418:19:1418:Infinity":502,"s:1419:24:1419:Infinity":503,"s:1420:20:1420:Infinity":504,"s:1421:27:1421:Infinity":505,"s:1422:26:1422:Infinity":506,"s:1423:31:1423:Infinity":507,"s:1427:19:1427:Infinity":508,"s:1428:18:1428:Infinity":509,"s:1429:23:1429:Infinity":510,"s:1430:31:1430:Infinity":511,"s:1431:37:1431:Infinity":512,"s:1432:31:1432:Infinity":513,"s:1433:30:1433:Infinity":514,"s:1434:25:1434:Infinity":515,"s:1435:23:1435:Infinity":516,"s:1436:27:1436:Infinity":517,"s:1437:29:1437:Infinity":518,"s:1438:27:1438:Infinity":519,"s:1439:23:1439:Infinity":520,"s:1440:29:1440:Infinity":521,"s:1441:28:1441:Infinity":522,"s:1442:30:1442:Infinity":523,"s:1446:19:1446:Infinity":524,"s:1447:29:1447:Infinity":525,"s:1448:26:1448:Infinity":526,"s:1449:23:1449:Infinity":527,"s:1450:20:1450:Infinity":528,"s:1451:19:1451:Infinity":529,"s:1452:29:1452:Infinity":530,"s:1453:39:1453:Infinity":531,"s:1454:37:1454:Infinity":532,"s:1455:19:1455:Infinity":533,"s:1456:23:1456:Infinity":534,"s:1460:19:1460:Infinity":535,"s:1461:19:1461:Infinity":536,"s:1462:22:1462:Infinity":537,"s:1463:25:1463:Infinity":538,"s:1464:31:1464:Infinity":539,"s:1465:25:1465:Infinity":540,"s:1466:21:1466:Infinity":541,"s:1467:24:1467:Infinity":542,"s:1468:25:1468:Infinity":543,"s:1472:19:1472:Infinity":544,"s:1473:21:1473:Infinity":545,"s:1474:23:1474:Infinity":546,"s:1478:19:1478:Infinity":547,"s:1479:19:1479:Infinity":548,"s:1480:25:1480:Infinity":549,"s:1481:24:1481:Infinity":550,"s:1482:22:1482:Infinity":551,"s:1483:24:1483:Infinity":552,"s:1484:31:1484:Infinity":553,"s:1485:23:1485:Infinity":554,"s:1489:19:1489:Infinity":555,"s:1490:22:1490:Infinity":556,"s:1491:21:1491:Infinity":557,"s:1492:31:1492:Infinity":558,"s:1496:19:1496:Infinity":559,"s:1497:23:1497:Infinity":560,"s:1498:36:1498:Infinity":561,"s:1499:37:1499:Infinity":562,"s:1500:25:1500:Infinity":563,"s:1504:19:1504:Infinity":564,"s:1505:18:1505:Infinity":565,"s:1506:20:1506:Infinity":566,"s:1507:26:1507:Infinity":567,"s:1508:22:1508:Infinity":568,"s:1512:19:1512:Infinity":569,"s:1513:24:1513:Infinity":570,"s:1514:19:1514:Infinity":571,"s:1515:25:1515:Infinity":572,"s:1516:26:1516:Infinity":573,"s:1517:31:1517:Infinity":574,"s:1518:36:1518:Infinity":575,"s:1519:31:1519:Infinity":576,"s:1523:19:1523:Infinity":577,"s:1524:23:1524:Infinity":578,"s:1525:24:1525:Infinity":579,"s:1526:25:1526:Infinity":580,"s:1527:30:1527:Infinity":581,"s:1528:23:1528:Infinity":582,"s:1529:23:1529:Infinity":583,"s:1533:19:1533:Infinity":584,"s:1534:23:1534:Infinity":585,"s:1535:23:1535:Infinity":586,"s:1536:21:1536:Infinity":587,"s:1537:30:1537:Infinity":588,"s:1538:25:1538:Infinity":589,"s:1539:30:1539:Infinity":590,"s:1540:22:1540:Infinity":591,"s:1541:20:1541:Infinity":592,"s:1542:31:1542:Infinity":593,"s:1546:19:1546:Infinity":594,"s:1547:23:1547:Infinity":595,"s:1548:23:1548:Infinity":596,"s:1549:31:1549:Infinity":597,"s:1550:28:1550:Infinity":598,"s:1551:21:1551:Infinity":599,"s:1552:20:1552:Infinity":600,"s:1553:36:1553:Infinity":601,"s:1554:24:1554:Infinity":602,"s:1555:23:1555:Infinity":603,"s:1556:31:1556:Infinity":604,"s:1560:19:1560:Infinity":605,"s:1561:27:1561:Infinity":606,"s:1562:18:1562:Infinity":607,"s:1563:20:1563:Infinity":608,"s:1564:28:1564:Infinity":609,"s:1565:28:1565:Infinity":610,"s:1566:26:1566:Infinity":611,"s:1567:23:1567:Infinity":612,"s:1568:31:1568:Infinity":613,"s:1572:19:1572:Infinity":614,"s:1573:21:1573:Infinity":615,"s:1574:24:1574:Infinity":616,"s:1575:28:1575:Infinity":617,"s:1579:19:1579:Infinity":618,"s:1580:23:1580:Infinity":619,"s:1581:23:1581:Infinity":620,"s:1582:20:1582:Infinity":621,"s:1586:19:1586:Infinity":622,"s:1587:23:1587:Infinity":623,"s:1588:23:1588:Infinity":624,"s:1589:30:1589:Infinity":625,"s:1590:20:1590:Infinity":626,"s:1591:19:1591:Infinity":627,"s:1592:23:1592:Infinity":628,"s:1596:19:1596:Infinity":629,"s:1597:23:1597:Infinity":630,"s:1598:26:1598:Infinity":631,"s:1599:21:1599:Infinity":632,"s:1600:26:1600:Infinity":633,"s:1604:19:1604:Infinity":634,"s:1605:32:1605:Infinity":635,"s:1606:26:1606:Infinity":636,"s:1607:23:1607:Infinity":637,"s:1608:18:1608:Infinity":638,"s:1609:19:1609:Infinity":639,"s:1610:24:1610:Infinity":640,"s:1614:19:1614:Infinity":641,"s:1615:26:1615:Infinity":642,"s:1616:30:1616:Infinity":643,"s:1617:25:1617:Infinity":644,"s:1618:19:1618:Infinity":645,"s:1619:29:1619:Infinity":646,"s:1620:23:1620:Infinity":647,"s:1621:31:1621:Infinity":648,"s:1625:19:1625:Infinity":649,"s:1626:21:1626:Infinity":650,"s:1627:18:1627:Infinity":651,"s:1628:20:1628:Infinity":652,"s:1629:22:1629:Infinity":653,"s:1632:17:1721:Infinity":654,"f:1637:26:1637:27":13,"s:1638:6:1638:Infinity":655}}}
,"F:\\code\\Hapsara\\Hapsarafr\\lib\\sync.ts": {"path":"F:\\code\\Hapsara\\Hapsarafr\\lib\\sync.ts","statementMap":{"0":{"start":{"line":12,"column":32},"end":{"line":102,"column":null}},"1":{"start":{"line":105,"column":19},"end":{"line":111,"column":null}},"2":{"start":{"line":106,"column":27},"end":{"line":106,"column":null}},"3":{"start":{"line":107,"column":4},"end":{"line":109,"column":null}},"4":{"start":{"line":107,"column":17},"end":{"line":107,"column":20}},"5":{"start":{"line":108,"column":8},"end":{"line":108,"column":null}},"6":{"start":{"line":110,"column":4},"end":{"line":110,"column":null}},"7":{"start":{"line":113,"column":20},"end":{"line":231,"column":null}},"8":{"start":{"line":114,"column":10},"end":{"line":114,"column":null}},"9":{"start":{"line":116,"column":4},"end":{"line":119,"column":null}},"10":{"start":{"line":117,"column":8},"end":{"line":117,"column":null}},"11":{"start":{"line":118,"column":8},"end":{"line":118,"column":null}},"12":{"start":{"line":121,"column":4},"end":{"line":230,"column":null}},"13":{"start":{"line":122,"column":8},"end":{"line":226,"column":null}},"14":{"start":{"line":125,"column":16},"end":{"line":125,"column":null}},"15":{"start":{"line":127,"column":37},"end":{"line":127,"column":null}},"16":{"start":{"line":128,"column":22},"end":{"line":128,"column":null}},"17":{"start":{"line":131,"column":37},"end":{"line":131,"column":null}},"18":{"start":{"line":133,"column":16},"end":{"line":162,"column":null}},"19":{"start":{"line":134,"column":20},"end":{"line":161,"column":null}},"20":{"start":{"line":135,"column":24},"end":{"line":160,"column":null}},"21":{"start":{"line":136,"column":51},"end":{"line":136,"column":null}},"22":{"start":{"line":139,"column":52},"end":{"line":142,"column":null}},"23":{"start":{"line":144,"column":28},"end":{"line":148,"column":null}},"24":{"start":{"line":145,"column":33},"end":{"line":145,"column":null}},"25":{"start":{"line":146,"column":33},"end":{"line":146,"column":null}},"26":{"start":{"line":147,"column":33},"end":{"line":147,"column":null}},"27":{"start":{"line":150,"column":34},"end":{"line":150,"column":null}},"28":{"start":{"line":150,"column":67},"end":{"line":150,"column":130}},"29":{"start":{"line":152,"column":28},"end":{"line":156,"column":null}},"30":{"start":{"line":158,"column":28},"end":{"line":158,"column":null}},"31":{"start":{"line":159,"column":28},"end":{"line":159,"column":null}},"32":{"start":{"line":164,"column":16},"end":{"line":164,"column":null}},"33":{"start":{"line":167,"column":16},"end":{"line":167,"column":null}},"34":{"start":{"line":169,"column":16},"end":{"line":223,"column":null}},"35":{"start":{"line":170,"column":38},"end":{"line":170,"column":null}},"36":{"start":{"line":171,"column":20},"end":{"line":171,"column":null}},"37":{"start":{"line":171,"column":36},"end":{"line":171,"column":null}},"38":{"start":{"line":173,"column":20},"end":{"line":180,"column":null}},"39":{"start":{"line":174,"column":40},"end":{"line":177,"column":null}},"40":{"start":{"line":175,"column":68},"end":{"line":175,"column":null}},"41":{"start":{"line":176,"column":28},"end":{"line":176,"column":null}},"42":{"start":{"line":178,"column":42},"end":{"line":178,"column":null}},"43":{"start":{"line":179,"column":24},"end":{"line":179,"column":null}},"44":{"start":{"line":179,"column":35},"end":{"line":179,"column":null}},"45":{"start":{"line":182,"column":20},"end":{"line":216,"column":null}},"46":{"start":{"line":183,"column":24},"end":{"line":215,"column":null}},"47":{"start":{"line":184,"column":78},"end":{"line":187,"column":null}},"48":{"start":{"line":189,"column":28},"end":{"line":192,"column":null}},"49":{"start":{"line":190,"column":32},"end":{"line":190,"column":null}},"50":{"start":{"line":191,"column":32},"end":{"line":191,"column":null}},"51":{"start":{"line":194,"column":53},"end":{"line":194,"column":null}},"52":{"start":{"line":195,"column":56},"end":{"line":195,"column":null}},"53":{"start":{"line":197,"column":28},"end":{"line":214,"column":null}},"54":{"start":{"line":199,"column":32},"end":{"line":199,"column":null}},"55":{"start":{"line":200,"column":67},"end":{"line":200,"column":null}},"56":{"start":{"line":201,"column":32},"end":{"line":207,"column":null}},"57":{"start":{"line":211,"column":72},"end":{"line":211,"column":null}},"58":{"start":{"line":212,"column":50},"end":{"line":212,"column":null}},"59":{"start":{"line":213,"column":32},"end":{"line":213,"column":null}},"60":{"start":{"line":213,"column":43},"end":{"line":213,"column":null}},"61":{"start":{"line":218,"column":20},"end":{"line":222,"column":null}},"62":{"start":{"line":219,"column":36},"end":{"line":219,"column":null}},"63":{"start":{"line":220,"column":42},"end":{"line":220,"column":null}},"64":{"start":{"line":221,"column":24},"end":{"line":221,"column":null}},"65":{"start":{"line":221,"column":35},"end":{"line":221,"column":null}},"66":{"start":{"line":227,"column":8},"end":{"line":227,"column":null}},"67":{"start":{"line":229,"column":8},"end":{"line":229,"column":null}}},"fnMap":{"0":{"name":"(anonymous_0)","decl":{"start":{"line":105,"column":19},"end":{"line":105,"column":23}},"loc":{"start":{"line":105,"column":59},"end":{"line":111,"column":null}},"line":105},"1":{"name":"(anonymous_1)","decl":{"start":{"line":113,"column":20},"end":{"line":113,"column":32}},"loc":{"start":{"line":113,"column":32},"end":{"line":231,"column":null}},"line":113},"2":{"name":"(anonymous_2)","decl":{"start":{"line":124,"column":25},"end":{"line":124,"column":32}},"loc":{"start":{"line":124,"column":79},"end":{"line":165,"column":null}},"line":124},"3":{"name":"(anonymous_3)","decl":{"start":{"line":134,"column":48},"end":{"line":134,"column":55}},"loc":{"start":{"line":134,"column":65},"end":{"line":161,"column":21}},"line":134},"4":{"name":"(anonymous_4)","decl":{"start":{"line":150,"column":61},"end":{"line":150,"column":67}},"loc":{"start":{"line":150,"column":67},"end":{"line":150,"column":130}},"line":150},"5":{"name":"(anonymous_5)","decl":{"start":{"line":166,"column":25},"end":{"line":166,"column":32}},"loc":{"start":{"line":166,"column":62},"end":{"line":224,"column":null}},"line":166},"6":{"name":"(anonymous_6)","decl":{"start":{"line":174,"column":62},"end":{"line":174,"column":67}},"loc":{"start":{"line":174,"column":67},"end":{"line":177,"column":25}},"line":174}},"branchMap":{"0":{"loc":{"start":{"line":116,"column":4},"end":{"line":119,"column":null}},"type":"if","locations":[{"start":{"line":116,"column":4},"end":{"line":119,"column":null}},{"start":{},"end":{}}],"line":116},"1":{"loc":{"start":{"line":136,"column":51},"end":{"line":136,"column":null}},"type":"cond-expr","locations":[{"start":{"line":136,"column":66},"end":{"line":136,"column":105}},{"start":{"line":136,"column":101},"end":{"line":136,"column":null}}],"line":136},"2":{"loc":{"start":{"line":144,"column":28},"end":{"line":148,"column":null}},"type":"if","locations":[{"start":{"line":144,"column":28},"end":{"line":148,"column":null}},{"start":{},"end":{}}],"line":144},"3":{"loc":{"start":{"line":150,"column":45},"end":{"line":150,"column":57}},"type":"binary-expr","locations":[{"start":{"line":150,"column":45},"end":{"line":150,"column":53}},{"start":{"line":150,"column":53},"end":{"line":150,"column":57}}],"line":150},"4":{"loc":{"start":{"line":171,"column":20},"end":{"line":171,"column":null}},"type":"if","locations":[{"start":{"line":171,"column":20},"end":{"line":171,"column":null}},{"start":{},"end":{}}],"line":171},"5":{"loc":{"start":{"line":173,"column":20},"end":{"line":180,"column":null}},"type":"if","locations":[{"start":{"line":173,"column":20},"end":{"line":180,"column":null}},{"start":{},"end":{}}],"line":173},"6":{"loc":{"start":{"line":179,"column":24},"end":{"line":179,"column":null}},"type":"if","locations":[{"start":{"line":179,"column":24},"end":{"line":179,"column":null}},{"start":{},"end":{}}],"line":179},"7":{"loc":{"start":{"line":182,"column":20},"end":{"line":216,"column":null}},"type":"if","locations":[{"start":{"line":182,"column":20},"end":{"line":216,"column":null}},{"start":{},"end":{}}],"line":182},"8":{"loc":{"start":{"line":189,"column":28},"end":{"line":192,"column":null}},"type":"if","locations":[{"start":{"line":189,"column":28},"end":{"line":192,"column":null}},{"start":{},"end":{}}],"line":189},"9":{"loc":{"start":{"line":189,"column":32},"end":{"line":189,"column":78}},"type":"binary-expr","locations":[{"start":{"line":189,"column":32},"end":{"line":189,"column":46}},{"start":{"line":189,"column":46},"end":{"line":189,"column":78}}],"line":189},"10":{"loc":{"start":{"line":194,"column":53},"end":{"line":194,"column":null}},"type":"cond-expr","locations":[{"start":{"line":194,"column":95},"end":{"line":194,"column":144}},{"start":{"line":194,"column":144},"end":{"line":194,"column":null}}],"line":194},"11":{"loc":{"start":{"line":194,"column":53},"end":{"line":194,"column":95}},"type":"binary-expr","locations":[{"start":{"line":194,"column":53},"end":{"line":194,"column":69}},{"start":{"line":194,"column":69},"end":{"line":194,"column":95}}],"line":194},"12":{"loc":{"start":{"line":195,"column":56},"end":{"line":195,"column":null}},"type":"binary-expr","locations":[{"start":{"line":195,"column":56},"end":{"line":195,"column":93}},{"start":{"line":195,"column":93},"end":{"line":195,"column":null}}],"line":195},"13":{"loc":{"start":{"line":197,"column":28},"end":{"line":214,"column":null}},"type":"if","locations":[{"start":{"line":197,"column":28},"end":{"line":214,"column":null}},{"start":{"line":209,"column":35},"end":{"line":214,"column":null}}],"line":197},"14":{"loc":{"start":{"line":205,"column":51},"end":{"line":205,"column":null}},"type":"cond-expr","locations":[{"start":{"line":205,"column":101},"end":{"line":205,"column":123}},{"start":{"line":205,"column":123},"end":{"line":205,"column":null}}],"line":205},"15":{"loc":{"start":{"line":205,"column":51},"end":{"line":205,"column":101}},"type":"binary-expr","locations":[{"start":{"line":205,"column":51},"end":{"line":205,"column":71}},{"start":{"line":205,"column":71},"end":{"line":205,"column":101}}],"line":205},"16":{"loc":{"start":{"line":213,"column":32},"end":{"line":213,"column":null}},"type":"if","locations":[{"start":{"line":213,"column":32},"end":{"line":213,"column":null}},{"start":{},"end":{}}],"line":213},"17":{"loc":{"start":{"line":218,"column":20},"end":{"line":222,"column":null}},"type":"if","locations":[{"start":{"line":218,"column":20},"end":{"line":222,"column":null}},{"start":{},"end":{}}],"line":218},"18":{"loc":{"start":{"line":221,"column":24},"end":{"line":221,"column":null}},"type":"if","locations":[{"start":{"line":221,"column":24},"end":{"line":221,"column":null}},{"start":{},"end":{}}],"line":221}},"s":{"0":1,"1":1,"2":0,"3":0,"4":0,"5":0,"6":0,"7":1,"8":1,"9":1,"10":0,"11":0,"12":1,"13":1,"14":0,"15":0,"16":0,"17":0,"18":0,"19":0,"20":0,"21":0,"22":0,"23":0,"24":0,"25":0,"26":0,"27":0,"28":0,"29":0,"30":0,"31":0,"32":0,"33":1,"34":1,"35":88,"36":88,"37":87,"38":1,"39":0,"40":0,"41":0,"42":0,"43":0,"44":0,"45":1,"46":1,"47":1,"48":1,"49":0,"50":0,"51":1,"52":1,"53":1,"54":1,"55":1,"56":1,"57":0,"58":0,"59":0,"60":0,"61":1,"62":0,"63":0,"64":0,"65":0,"66":1,"67":0},"f":{"0":0,"1":1,"2":0,"3":0,"4":0,"5":1,"6":0},"b":{"0":[0,1],"1":[0,0],"2":[0,0],"3":[0,0],"4":[87,1],"5":[0,1],"6":[0,0],"7":[1,0],"8":[0,1],"9":[1,0],"10":[1,0],"11":[1,1],"12":[1,0],"13":[1,0],"14":[1,0],"15":[1,1],"16":[0,0],"17":[0,1],"18":[0,0]},"meta":{"lastBranch":19,"lastFunction":7,"lastStatement":68,"seen":{"s:12:32:102:Infinity":0,"s:105:19:111:Infinity":1,"f:105:19:105:23":0,"s:106:27:106:Infinity":2,"s:107:4:109:Infinity":3,"s:107:17:107:20":4,"s:108:8:108:Infinity":5,"s:110:4:110:Infinity":6,"s:113:20:231:Infinity":7,"f:113:20:113:32":1,"s:114:10:114:Infinity":8,"b:116:4:119:Infinity:undefined:undefined:undefined:undefined":0,"s:116:4:119:Infinity":9,"s:117:8:117:Infinity":10,"s:118:8:118:Infinity":11,"s:121:4:230:Infinity":12,"s:122:8:226:Infinity":13,"f:124:25:124:32":2,"s:125:16:125:Infinity":14,"s:127:37:127:Infinity":15,"s:128:22:128:Infinity":16,"s:131:37:131:Infinity":17,"s:133:16:162:Infinity":18,"s:134:20:161:Infinity":19,"f:134:48:134:55":3,"s:135:24:160:Infinity":20,"s:136:51:136:Infinity":21,"b:136:66:136:105:136:101:136:Infinity":1,"s:139:52:142:Infinity":22,"b:144:28:148:Infinity:undefined:undefined:undefined:undefined":2,"s:144:28:148:Infinity":23,"s:145:33:145:Infinity":24,"s:146:33:146:Infinity":25,"s:147:33:147:Infinity":26,"s:150:34:150:Infinity":27,"b:150:45:150:53:150:53:150:57":3,"f:150:61:150:67":4,"s:150:67:150:130":28,"s:152:28:156:Infinity":29,"s:158:28:158:Infinity":30,"s:159:28:159:Infinity":31,"s:164:16:164:Infinity":32,"f:166:25:166:32":5,"s:167:16:167:Infinity":33,"s:169:16:223:Infinity":34,"s:170:38:170:Infinity":35,"b:171:20:171:Infinity:undefined:undefined:undefined:undefined":4,"s:171:20:171:Infinity":36,"s:171:36:171:Infinity":37,"b:173:20:180:Infinity:undefined:undefined:undefined:undefined":5,"s:173:20:180:Infinity":38,"s:174:40:177:Infinity":39,"f:174:62:174:67":6,"s:175:68:175:Infinity":40,"s:176:28:176:Infinity":41,"s:178:42:178:Infinity":42,"b:179:24:179:Infinity:undefined:undefined:undefined:undefined":6,"s:179:24:179:Infinity":43,"s:179:35:179:Infinity":44,"b:182:20:216:Infinity:undefined:undefined:undefined:undefined":7,"s:182:20:216:Infinity":45,"s:183:24:215:Infinity":46,"s:184:78:187:Infinity":47,"b:189:28:192:Infinity:undefined:undefined:undefined:undefined":8,"s:189:28:192:Infinity":48,"b:189:32:189:46:189:46:189:78":9,"s:190:32:190:Infinity":49,"s:191:32:191:Infinity":50,"s:194:53:194:Infinity":51,"b:194:95:194:144:194:144:194:Infinity":10,"b:194:53:194:69:194:69:194:95":11,"s:195:56:195:Infinity":52,"b:195:56:195:93:195:93:195:Infinity":12,"b:197:28:214:Infinity:209:35:214:Infinity":13,"s:197:28:214:Infinity":53,"s:199:32:199:Infinity":54,"s:200:67:200:Infinity":55,"s:201:32:207:Infinity":56,"b:205:101:205:123:205:123:205:Infinity":14,"b:205:51:205:71:205:71:205:101":15,"s:211:72:211:Infinity":57,"s:212:50:212:Infinity":58,"b:213:32:213:Infinity:undefined:undefined:undefined:undefined":16,"s:213:32:213:Infinity":59,"s:213:43:213:Infinity":60,"b:218:20:222:Infinity:undefined:undefined:undefined:undefined":17,"s:218:20:222:Infinity":61,"s:219:36:219:Infinity":62,"s:220:42:220:Infinity":63,"b:221:24:221:Infinity:undefined:undefined:undefined:undefined":18,"s:221:24:221:Infinity":64,"s:221:35:221:Infinity":65,"s:227:8:227:Infinity":66,"s:229:8:229:Infinity":67}}}
}
